# JRE version: OpenJDK Runtime Environment Temurin-21.0.10+7 (21.0.10+7) (build 21.0.10+7-LTS)
# Java VM: OpenJDK 64-Bit Server VM Temurin-21.0.10+7 (21.0.10+7-LTS, mixed mode, sharing, tiered, compressed oops, compressed class ptrs, parallel gc, windows-amd64)
GC Precious Log:
 CardTable entry size: 512
 CPUs: 8 total, 8 available
 Memory: 16197M
 Large Page Support: Disabled
 NUMA Support: Disabled
 Compressed Oops: Enabled (32-bit)
 Alignments: Space 512K, Generation 512K, Heap 2M
 Heap Min Capacity: 100M
 Heap Initial Capacity: 100M
 Heap Max Capacity: 2G
 Pre-touch: Disabled
 Parallel Workers: 8
Heap:
 PSYoungGen      total 25600K, used 18464K [0x00000000d5580000, 0x00000000d7100000, 0x0000000100000000)
  eden space 22016K, 83% used [0x00000000d5580000,0x00000000d6788128,0x00000000d6b00000)
  from space 3584K, 0% used [0x00000000d6c00000,0x00000000d6c00000,0x00000000d6f80000)
  to   space 1536K, 0% used [0x00000000d6f80000,0x00000000d6f80000,0x00000000d7100000)
 ParOldGen       total 68608K, used 50000K [0x0000000080000000, 0x0000000084300000, 0x00000000d5580000)
  object space 68608K, 72% used [0x0000000080000000,0x00000000830d4298,0x0000000084300000)
 Metaspace       used 59928K, committed 61376K, reserved 1114112K
  class space    used 7043K, committed 7680K, reserved 1048576K
GC Heap History (20 events):
Event: 31.238 GC heap before
{Heap before GC invocations=31 (full 2):
 PSYoungGen      total 22528K, used 22272K [0x00000000d5580000, 0x00000000d7080000, 0x0000000100000000)
  eden space 22016K, 100% used [0x00000000d5580000,0x00000000d6b00000,0x00000000d6b00000)
  from space 512K, 50% used [0x00000000d7000000,0x00000000d7040000,0x00000000d7080000)
  to   space 512K, 0% used [0x00000000d6f80000,0x00000000d6f80000,0x00000000d7000000)
 ParOldGen       total 68608K, used 42590K [0x0000000080000000, 0x0000000084300000, 0x00000000d5580000)
  object space 68608K, 62% used [0x0000000080000000,0x0000000082997b40,0x0000000084300000)
 Metaspace       used 54648K, committed 56000K, reserved 1114112K
  class space    used 6445K, committed 7040K, reserved 1048576K
}
Event: 31.239 GC heap after
{Heap after GC invocations=31 (full 2):
 PSYoungGen      total 22528K, used 160K [0x00000000d5580000, 0x00000000d7080000, 0x0000000100000000)
  eden space 22016K, 0% used [0x00000000d5580000,0x00000000d5580000,0x00000000d6b00000)
  from space 512K, 31% used [0x00000000d6f80000,0x00000000d6fa8000,0x00000000d7000000)
  to   space 512K, 0% used [0x00000000d7000000,0x00000000d7000000,0x00000000d7080000)
 ParOldGen       total 68608K, used 42646K [0x0000000080000000, 0x0000000084300000, 0x00000000d5580000)
  object space 68608K, 62% used [0x0000000080000000,0x00000000829a5b40,0x0000000084300000)
 Metaspace       used 54648K, committed 56000K, reserved 1114112K
  class space    used 6445K, committed 7040K, reserved 1048576K
}
Event: 31.408 GC heap before
{Heap before GC invocations=32 (full 2):
 PSYoungGen      total 22528K, used 22175K [0x00000000d5580000, 0x00000000d7080000, 0x0000000100000000)
  eden space 22016K, 99% used [0x00000000d5580000,0x00000000d6affd18,0x00000000d6b00000)
  from space 512K, 31% used [0x00000000d6f80000,0x00000000d6fa8000,0x00000000d7000000)
  to   space 512K, 0% used [0x00000000d7000000,0x00000000d7000000,0x00000000d7080000)
 ParOldGen       total 68608K, used 42705K [0x0000000080000000, 0x0000000084300000, 0x00000000d5580000)
  object space 68608K, 62% used [0x0000000080000000,0x00000000829b45c8,0x0000000084300000)
 Metaspace       used 55235K, committed 56576K, reserved 1114112K
  class space    used 6519K, committed 7104K, reserved 1048576K
}
Event: 31.409 GC heap after
{Heap after GC invocations=32 (full 2):
 PSYoungGen      total 22528K, used 488K [0x00000000d5580000, 0x00000000d7080000, 0x0000000100000000)
  eden space 22016K, 0% used [0x00000000d5580000,0x00000000d5580000,0x00000000d6b00000)
  from space 512K, 95% used [0x00000000d7000000,0x00000000d707a140,0x00000000d7080000)
  to   space 1024K, 0% used [0x00000000d6e80000,0x00000000d6e80000,0x00000000d6f80000)
 ParOldGen       total 68608K, used 42812K [0x0000000080000000, 0x0000000084300000, 0x00000000d5580000)
  object space 68608K, 62% used [0x0000000080000000,0x00000000829cf050,0x0000000084300000)
 Metaspace       used 55235K, committed 56576K, reserved 1114112K
  class space    used 6519K, committed 7104K, reserved 1048576K
}
Event: 31.603 GC heap before
{Heap before GC invocations=33 (full 2):
 PSYoungGen      total 22528K, used 22504K [0x00000000d5580000, 0x00000000d7080000, 0x0000000100000000)
  eden space 22016K, 100% used [0x00000000d5580000,0x00000000d6b00000,0x00000000d6b00000)
  from space 512K, 95% used [0x00000000d7000000,0x00000000d707a140,0x00000000d7080000)
  to   space 1024K, 0% used [0x00000000d6e80000,0x00000000d6e80000,0x00000000d6f80000)
 ParOldGen       total 68608K, used 42814K [0x0000000080000000, 0x0000000084300000, 0x00000000d5580000)
  object space 68608K, 62% used [0x0000000080000000,0x00000000829cf838,0x0000000084300000)
 Metaspace       used 56687K, committed 58112K, reserved 1114112K
  class space    used 6650K, committed 7296K, reserved 1048576K
}
Event: 31.605 GC heap after
{Heap after GC invocations=33 (full 2):
 PSYoungGen      total 23040K, used 992K [0x00000000d5580000, 0x00000000d7080000, 0x0000000100000000)
  eden space 22016K, 0% used [0x00000000d5580000,0x00000000d5580000,0x00000000d6b00000)
  from space 1024K, 96% used [0x00000000d6e80000,0x00000000d6f78030,0x00000000d6f80000)
  to   space 1024K, 0% used [0x00000000d6f80000,0x00000000d6f80000,0x00000000d7080000)
 ParOldGen       total 68608K, used 43552K [0x0000000080000000, 0x0000000084300000, 0x00000000d5580000)
  object space 68608K, 63% used [0x0000000080000000,0x0000000082a880f8,0x0000000084300000)
 Metaspace       used 56687K, committed 58112K, reserved 1114112K
  class space    used 6650K, committed 7296K, reserved 1048576K
}
Event: 31.705 GC heap before
{Heap before GC invocations=34 (full 2):
 PSYoungGen      total 23040K, used 23008K [0x00000000d5580000, 0x00000000d7080000, 0x0000000100000000)
  eden space 22016K, 100% used [0x00000000d5580000,0x00000000d6b00000,0x00000000d6b00000)
  from space 1024K, 96% used [0x00000000d6e80000,0x00000000d6f78030,0x00000000d6f80000)
  to   space 1024K, 0% used [0x00000000d6f80000,0x00000000d6f80000,0x00000000d7080000)
 ParOldGen       total 68608K, used 43552K [0x0000000080000000, 0x0000000084300000, 0x00000000d5580000)
  object space 68608K, 63% used [0x0000000080000000,0x0000000082a880f8,0x0000000084300000)
 Metaspace       used 57055K, committed 58432K, reserved 1114112K
  class space    used 6709K, committed 7296K, reserved 1048576K
}
Event: 31.709 GC heap after
{Heap after GC invocations=34 (full 2):
 PSYoungGen      total 23040K, used 992K [0x00000000d5580000, 0x00000000d7300000, 0x0000000100000000)
  eden space 22016K, 0% used [0x00000000d5580000,0x00000000d5580000,0x00000000d6b00000)
  from space 1024K, 96% used [0x00000000d6f80000,0x00000000d7078030,0x00000000d7080000)
  to   space 4096K, 0% used [0x00000000d6b00000,0x00000000d6b00000,0x00000000d6f00000)
 ParOldGen       total 68608K, used 46029K [0x0000000080000000, 0x0000000084300000, 0x00000000d5580000)
  object space 68608K, 67% used [0x0000000080000000,0x0000000082cf3568,0x0000000084300000)
 Metaspace       used 57055K, committed 58432K, reserved 1114112K
  class space    used 6709K, committed 7296K, reserved 1048576K
}
Event: 31.760 GC heap before
{Heap before GC invocations=35 (full 2):
 PSYoungGen      total 23040K, used 23008K [0x00000000d5580000, 0x00000000d7300000, 0x0000000100000000)
  eden space 22016K, 100% used [0x00000000d5580000,0x00000000d6b00000,0x00000000d6b00000)
  from space 1024K, 96% used [0x00000000d6f80000,0x00000000d7078030,0x00000000d7080000)
  to   space 4096K, 0% used [0x00000000d6b00000,0x00000000d6b00000,0x00000000d6f00000)
 ParOldGen       total 68608K, used 46029K [0x0000000080000000, 0x0000000084300000, 0x00000000d5580000)
  object space 68608K, 67% used [0x0000000080000000,0x0000000082cf3568,0x0000000084300000)
 Metaspace       used 57091K, committed 58432K, reserved 1114112K
  class space    used 6709K, committed 7296K, reserved 1048576K
}
Event: 31.764 GC heap after
{Heap after GC invocations=35 (full 2):
 PSYoungGen      total 25088K, used 2818K [0x00000000d5580000, 0x00000000d7100000, 0x0000000100000000)
  eden space 22016K, 0% used [0x00000000d5580000,0x00000000d5580000,0x00000000d6b00000)
  from space 3072K, 91% used [0x00000000d6b00000,0x00000000d6dc0810,0x00000000d6e00000)
  to   space 3072K, 0% used [0x00000000d6e00000,0x00000000d6e00000,0x00000000d7100000)
 ParOldGen       total 68608K, used 46987K [0x0000000080000000, 0x0000000084300000, 0x00000000d5580000)
  object space 68608K, 68% used [0x0000000080000000,0x0000000082de2f58,0x0000000084300000)
 Metaspace       used 57091K, committed 58432K, reserved 1114112K
  class space    used 6709K, committed 7296K, reserved 1048576K
}
Event: 31.812 GC heap before
{Heap before GC invocations=36 (full 2):
 PSYoungGen      total 25088K, used 24834K [0x00000000d5580000, 0x00000000d7100000, 0x0000000100000000)
  eden space 22016K, 100% used [0x00000000d5580000,0x00000000d6b00000,0x00000000d6b00000)
  from space 3072K, 91% used [0x00000000d6b00000,0x00000000d6dc0810,0x00000000d6e00000)
  to   space 3072K, 0% used [0x00000000d6e00000,0x00000000d6e00000,0x00000000d7100000)
 ParOldGen       total 68608K, used 46987K [0x0000000080000000, 0x0000000084300000, 0x00000000d5580000)
  object space 68608K, 68% used [0x0000000080000000,0x0000000082de2f58,0x0000000084300000)
 Metaspace       used 57111K, committed 58496K, reserved 1114112K
  class space    used 6710K, committed 7296K, reserved 1048576K
}
Event: 31.816 GC heap after
{Heap after GC invocations=36 (full 2):
 PSYoungGen      total 24576K, used 2340K [0x00000000d5580000, 0x00000000d7080000, 0x0000000100000000)
  eden space 22016K, 0% used [0x00000000d5580000,0x00000000d5580000,0x00000000d6b00000)
  from space 2560K, 91% used [0x00000000d6e00000,0x00000000d7049000,0x00000000d7080000)
  to   space 2560K, 0% used [0x00000000d6b80000,0x00000000d6b80000,0x00000000d6e00000)
 ParOldGen       total 68608K, used 49594K [0x0000000080000000, 0x0000000084300000, 0x00000000d5580000)
  object space 68608K, 72% used [0x0000000080000000,0x000000008306e918,0x0000000084300000)
 Metaspace       used 57111K, committed 58496K, reserved 1114112K
  class space    used 6710K, committed 7296K, reserved 1048576K
}
Event: 31.878 GC heap before
{Heap before GC invocations=37 (full 2):
 PSYoungGen      total 24576K, used 24356K [0x00000000d5580000, 0x00000000d7080000, 0x0000000100000000)
  eden space 22016K, 100% used [0x00000000d5580000,0x00000000d6b00000,0x00000000d6b00000)
  from space 2560K, 91% used [0x00000000d6e00000,0x00000000d7049000,0x00000000d7080000)
  to   space 2560K, 0% used [0x00000000d6b80000,0x00000000d6b80000,0x00000000d6e00000)
 ParOldGen       total 68608K, used 49594K [0x0000000080000000, 0x0000000084300000, 0x00000000d5580000)
  object space 68608K, 72% used [0x0000000080000000,0x000000008306e918,0x0000000084300000)
 Metaspace       used 57155K, committed 58496K, reserved 1114112K
  class space    used 6710K, committed 7296K, reserved 1048576K
}
Event: 31.881 GC heap after
{Heap after GC invocations=37 (full 2):
 PSYoungGen      total 24576K, used 2528K [0x00000000d5580000, 0x00000000d7600000, 0x0000000100000000)
  eden space 22016K, 0% used [0x00000000d5580000,0x00000000d5580000,0x00000000d6b00000)
  from space 2560K, 98% used [0x00000000d6b80000,0x00000000d6df8010,0x00000000d6e00000)
  to   space 5632K, 0% used [0x00000000d7080000,0x00000000d7080000,0x00000000d7600000)
 ParOldGen       total 68608K, used 51813K [0x0000000080000000, 0x0000000084300000, 0x00000000d5580000)
  object space 68608K, 75% used [0x0000000080000000,0x0000000083299468,0x0000000084300000)
 Metaspace       used 57155K, committed 58496K, reserved 1114112K
  class space    used 6710K, committed 7296K, reserved 1048576K
}
Event: 31.934 GC heap before
{Heap before GC invocations=38 (full 2):
 PSYoungGen      total 24576K, used 24544K [0x00000000d5580000, 0x00000000d7600000, 0x0000000100000000)
  eden space 22016K, 100% used [0x00000000d5580000,0x00000000d6b00000,0x00000000d6b00000)
  from space 2560K, 98% used [0x00000000d6b80000,0x00000000d6df8010,0x00000000d6e00000)
  to   space 5632K, 0% used [0x00000000d7080000,0x00000000d7080000,0x00000000d7600000)
 ParOldGen       total 68608K, used 51813K [0x0000000080000000, 0x0000000084300000, 0x00000000d5580000)
  object space 68608K, 75% used [0x0000000080000000,0x0000000083299468,0x0000000084300000)
 Metaspace       used 57191K, committed 58496K, reserved 1114112K
  class space    used 6710K, committed 7296K, reserved 1048576K
}
Event: 31.939 GC heap after
{Heap after GC invocations=38 (full 2):
 PSYoungGen      total 24576K, used 2232K [0x00000000d5580000, 0x00000000d7300000, 0x0000000100000000)
  eden space 22016K, 0% used [0x00000000d5580000,0x00000000d5580000,0x00000000d6b00000)
  from space 2560K, 87% used [0x00000000d7080000,0x00000000d72ae200,0x00000000d7300000)
  to   space 3584K, 0% used [0x00000000d6c00000,0x00000000d6c00000,0x00000000d6f80000)
 ParOldGen       total 68608K, used 54253K [0x0000000080000000, 0x0000000084300000, 0x00000000d5580000)
  object space 68608K, 79% used [0x0000000080000000,0x00000000834fb478,0x0000000084300000)
 Metaspace       used 57191K, committed 58496K, reserved 1114112K
  class space    used 6710K, committed 7296K, reserved 1048576K
}
Event: 32.123 GC heap before
{Heap before GC invocations=39 (full 2):
 PSYoungGen      total 24576K, used 15443K [0x00000000d5580000, 0x00000000d7300000, 0x0000000100000000)
  eden space 22016K, 60% used [0x00000000d5580000,0x00000000d6266dd0,0x00000000d6b00000)
  from space 2560K, 87% used [0x00000000d7080000,0x00000000d72ae200,0x00000000d7300000)
  to   space 3584K, 0% used [0x00000000d6c00000,0x00000000d6c00000,0x00000000d6f80000)
 ParOldGen       total 68608K, used 54253K [0x0000000080000000, 0x0000000084300000, 0x00000000d5580000)
  object space 68608K, 79% used [0x0000000080000000,0x00000000834fb478,0x0000000084300000)
 Metaspace       used 58374K, committed 59776K, reserved 1114112K
  class space    used 6863K, committed 7488K, reserved 1048576K
}
Event: 32.126 GC heap after
{Heap after GC invocations=39 (full 2):
 PSYoungGen      total 25600K, used 816K [0x00000000d5580000, 0x00000000d7100000, 0x0000000100000000)
  eden space 22016K, 0% used [0x00000000d5580000,0x00000000d5580000,0x00000000d6b00000)
  from space 3584K, 22% used [0x00000000d6c00000,0x00000000d6ccc030,0x00000000d6f80000)
  to   space 1536K, 0% used [0x00000000d6f80000,0x00000000d6f80000,0x00000000d7100000)
 ParOldGen       total 68608K, used 56378K [0x0000000080000000, 0x0000000084300000, 0x00000000d5580000)
  object space 68608K, 82% used [0x0000000080000000,0x000000008370e9d0,0x0000000084300000)
 Metaspace       used 58374K, committed 59776K, reserved 1114112K
  class space    used 6863K, committed 7488K, reserved 1048576K
}
Event: 32.126 GC heap before
{Heap before GC invocations=40 (full 3):
 PSYoungGen      total 25600K, used 816K [0x00000000d5580000, 0x00000000d7100000, 0x0000000100000000)
  eden space 22016K, 0% used [0x00000000d5580000,0x00000000d5580000,0x00000000d6b00000)
  from space 3584K, 22% used [0x00000000d6c00000,0x00000000d6ccc030,0x00000000d6f80000)
  to   space 1536K, 0% used [0x00000000d6f80000,0x00000000d6f80000,0x00000000d7100000)
 ParOldGen       total 68608K, used 56378K [0x0000000080000000, 0x0000000084300000, 0x00000000d5580000)
  object space 68608K, 82% used [0x0000000080000000,0x000000008370e9d0,0x0000000084300000)
 Metaspace       used 58374K, committed 59776K, reserved 1114112K
  class space    used 6863K, committed 7488K, reserved 1048576K
}
Event: 32.183 GC heap after
{Heap after GC invocations=40 (full 3):
 PSYoungGen      total 25600K, used 0K [0x00000000d5580000, 0x00000000d7100000, 0x0000000100000000)
  eden space 22016K, 0% used [0x00000000d5580000,0x00000000d5580000,0x00000000d6b00000)
  from space 3584K, 0% used [0x00000000d6c00000,0x00000000d6c00000,0x00000000d6f80000)
  to   space 1536K, 0% used [0x00000000d6f80000,0x00000000d6f80000,0x00000000d7100000)
 ParOldGen       total 68608K, used 50000K [0x0000000080000000, 0x0000000084300000, 0x00000000d5580000)
  object space 68608K, 72% used [0x0000000080000000,0x00000000830d4298,0x0000000084300000)
 Metaspace       used 58367K, committed 59776K, reserved 1114112K
  class space    used 6861K, committed 7488K, reserved 1048576K
}

