# JRE version: Java(TM) SE Runtime Environment (17.0.12+8) (build 17.0.12+8-LTS-286)
# Java VM: Java HotSpot(TM) 64-Bit Server VM (17.0.12+8-LTS-286, mixed mode, sharing, tiered, compressed oops, compressed class ptrs, g1 gc, windows-amd64)
GC Precious Log:
 CPUs: 8 total, 8 available
 Memory: 16197M
 Large Page Support: Disabled
 NUMA Support: Disabled
 Compressed Oops: Enabled (Zero based)
 Heap Region Size: 4M
 Heap Min Capacity: 8M
 Heap Initial Capacity: 256M
 Heap Max Capacity: 8G
 Pre-touch: Disabled
 Parallel Workers: 8
 Concurrent Workers: 2
 Concurrent Refinement Workers: 8
 Periodic GC: Disabled
Heap:
 garbage-first heap   total 122880K, used 69444K [0x0000000600000000, 0x0000000800000000)
  region size 4096K, 2 young (8192K), 2 survivors (8192K)
 Metaspace       used 73743K, committed 74688K, reserved 1114112K
  class space    used 10524K, committed 11008K, reserved 1048576K
GC Heap History (20 events):
Event: 15.980 GC heap after
{Heap after GC invocations=20 (full 0):
 garbage-first heap   total 98304K, used 53321K [0x0000000600000000, 0x0000000800000000)
  region size 4096K, 1 young (4096K), 1 survivors (4096K)
 Metaspace       used 57086K, committed 57984K, reserved 1114112K
  class space    used 8164K, committed 8576K, reserved 1048576K
}
Event: 16.203 GC heap before
{Heap before GC invocations=20 (full 0):
 garbage-first heap   total 98304K, used 69705K [0x0000000600000000, 0x0000000800000000)
  region size 4096K, 6 young (24576K), 1 survivors (4096K)
 Metaspace       used 58394K, committed 59264K, reserved 1114112K
  class space    used 8353K, committed 8768K, reserved 1048576K
}
Event: 16.206 GC heap after
{Heap after GC invocations=21 (full 0):
 garbage-first heap   total 98304K, used 60080K [0x0000000600000000, 0x0000000800000000)
  region size 4096K, 1 young (4096K), 1 survivors (4096K)
 Metaspace       used 58394K, committed 59264K, reserved 1114112K
  class space    used 8353K, committed 8768K, reserved 1048576K
}
Event: 16.331 GC heap before
{Heap before GC invocations=22 (full 0):
 garbage-first heap   total 110592K, used 72368K [0x0000000600000000, 0x0000000800000000)
  region size 4096K, 4 young (16384K), 1 survivors (4096K)
 Metaspace       used 59666K, committed 60544K, reserved 1114112K
  class space    used 8520K, committed 8960K, reserved 1048576K
}
Event: 16.333 GC heap after
{Heap after GC invocations=23 (full 0):
 garbage-first heap   total 110592K, used 60520K [0x0000000600000000, 0x0000000800000000)
  region size 4096K, 1 young (4096K), 1 survivors (4096K)
 Metaspace       used 59666K, committed 60544K, reserved 1114112K
  class space    used 8520K, committed 8960K, reserved 1048576K
}
Event: 16.536 GC heap before
{Heap before GC invocations=23 (full 0):
 garbage-first heap   total 110592K, used 81000K [0x0000000600000000, 0x0000000800000000)
  region size 4096K, 6 young (24576K), 1 survivors (4096K)
 Metaspace       used 61566K, committed 62400K, reserved 1114112K
  class space    used 8757K, committed 9152K, reserved 1048576K
}
Event: 16.538 GC heap after
{Heap after GC invocations=24 (full 0):
 garbage-first heap   total 110592K, used 61237K [0x0000000600000000, 0x0000000800000000)
  region size 4096K, 1 young (4096K), 1 survivors (4096K)
 Metaspace       used 61566K, committed 62400K, reserved 1114112K
  class space    used 8757K, committed 9152K, reserved 1048576K
}
Event: 16.835 GC heap before
{Heap before GC invocations=25 (full 0):
 garbage-first heap   total 118784K, used 85813K [0x0000000600000000, 0x0000000800000000)
  region size 4096K, 7 young (28672K), 1 survivors (4096K)
 Metaspace       used 64083K, committed 64960K, reserved 1114112K
  class space    used 9109K, committed 9536K, reserved 1048576K
}
Event: 16.837 GC heap after
{Heap after GC invocations=26 (full 0):
 garbage-first heap   total 118784K, used 62158K [0x0000000600000000, 0x0000000800000000)
  region size 4096K, 1 young (4096K), 1 survivors (4096K)
 Metaspace       used 64083K, committed 64960K, reserved 1114112K
  class space    used 9109K, committed 9536K, reserved 1048576K
}
Event: 16.890 GC heap before
{Heap before GC invocations=26 (full 0):
 garbage-first heap   total 118784K, used 66254K [0x0000000600000000, 0x0000000800000000)
  region size 4096K, 2 young (8192K), 1 survivors (4096K)
 Metaspace       used 64384K, committed 65280K, reserved 1114112K
  class space    used 9141K, committed 9600K, reserved 1048576K
}
Event: 16.892 GC heap after
{Heap after GC invocations=27 (full 0):
 garbage-first heap   total 118784K, used 59543K [0x0000000600000000, 0x0000000800000000)
  region size 4096K, 1 young (4096K), 1 survivors (4096K)
 Metaspace       used 64384K, committed 65280K, reserved 1114112K
  class space    used 9141K, committed 9600K, reserved 1048576K
}
Event: 17.316 GC heap before
{Heap before GC invocations=27 (full 0):
 garbage-first heap   total 118784K, used 92311K [0x0000000600000000, 0x0000000800000000)
  region size 4096K, 9 young (36864K), 1 survivors (4096K)
 Metaspace       used 66371K, committed 67264K, reserved 1114112K
  class space    used 9414K, committed 9856K, reserved 1048576K
}
Event: 17.319 GC heap after
{Heap after GC invocations=28 (full 0):
 garbage-first heap   total 118784K, used 60198K [0x0000000600000000, 0x0000000800000000)
  region size 4096K, 1 young (4096K), 1 survivors (4096K)
 Metaspace       used 66371K, committed 67264K, reserved 1114112K
  class space    used 9414K, committed 9856K, reserved 1048576K
}
Event: 17.731 GC heap before
{Heap before GC invocations=29 (full 0):
 garbage-first heap   total 118784K, used 92966K [0x0000000600000000, 0x0000000800000000)
  region size 4096K, 9 young (36864K), 1 survivors (4096K)
 Metaspace       used 68344K, committed 69248K, reserved 1114112K
  class space    used 9707K, committed 10176K, reserved 1048576K
}
Event: 17.734 GC heap after
{Heap after GC invocations=30 (full 0):
 garbage-first heap   total 118784K, used 61559K [0x0000000600000000, 0x0000000800000000)
  region size 4096K, 2 young (8192K), 2 survivors (8192K)
 Metaspace       used 68344K, committed 69248K, reserved 1114112K
  class space    used 9707K, committed 10176K, reserved 1048576K
}
Event: 18.219 GC heap before
{Heap before GC invocations=30 (full 0):
 garbage-first heap   total 118784K, used 90231K [0x0000000600000000, 0x0000000800000000)
  region size 4096K, 9 young (36864K), 2 survivors (8192K)
 Metaspace       used 70071K, committed 70976K, reserved 1114112K
  class space    used 9941K, committed 10368K, reserved 1048576K
}
Event: 18.222 GC heap after
{Heap after GC invocations=31 (full 0):
 garbage-first heap   total 118784K, used 64259K [0x0000000600000000, 0x0000000800000000)
  region size 4096K, 2 young (8192K), 2 survivors (8192K)
 Metaspace       used 70071K, committed 70976K, reserved 1114112K
  class space    used 9941K, committed 10368K, reserved 1048576K
}
Event: 18.735 GC heap before
{Heap before GC invocations=32 (full 0):
 garbage-first heap   total 122880K, used 92931K [0x0000000600000000, 0x0000000800000000)
  region size 4096K, 9 young (36864K), 2 survivors (8192K)
 Metaspace       used 71525K, committed 72512K, reserved 1114112K
  class space    used 10156K, committed 10624K, reserved 1048576K
}
Event: 18.742 GC heap after
{Heap after GC invocations=33 (full 0):
 garbage-first heap   total 122880K, used 66460K [0x0000000600000000, 0x0000000800000000)
  region size 4096K, 2 young (8192K), 2 survivors (8192K)
 Metaspace       used 71525K, committed 72512K, reserved 1114112K
  class space    used 10156K, committed 10624K, reserved 1048576K
}
Event: 19.690 GC heap before
{Heap before GC invocations=33 (full 0):
 garbage-first heap   total 122880K, used 99228K [0x0000000600000000, 0x0000000800000000)
  region size 4096K, 10 young (40960K), 2 survivors (8192K)
 Metaspace       used 73743K, committed 74688K, reserved 1114112K
  class space    used 10524K, committed 11008K, reserved 1048576K
}

