# JRE version: OpenJDK Runtime Environment Temurin-21.0.11+10 (21.0.11+10) (build 21.0.11+10-LTS)
# Java VM: OpenJDK 64-Bit Server VM Temurin-21.0.11+10 (21.0.11+10-LTS, mixed mode, sharing, tiered, compressed oops, compressed class ptrs, g1 gc, windows-amd64)
GC Precious Log:
 CardTable entry size: 512
 Card Set container configuration: InlinePtr #cards 4 size 8 Array Of Cards #cards 16 size 48 Howl #buckets 8 coarsen threshold 3686 Howl Bitmap #cards 512 size 80 coarsen threshold 460 Card regions per heap region 1 cards per card region 4096
 CPUs: 8 total, 8 available
 Memory: 16197M
 Large Page Support: Disabled
 NUMA Support: Disabled
 Compressed Oops: Enabled (Zero based)
 Heap Region Size: 2M
 Heap Min Capacity: 8M
 Heap Initial Capacity: 254M
 Heap Max Capacity: 4G
 Pre-touch: Disabled
 Parallel Workers: 8
 Concurrent Workers: 2
 Concurrent Refinement Workers: 8
 Periodic GC: Disabled
Heap:
 garbage-first heap   total 161792K, used 111261K [0x0000000700000000, 0x0000000800000000)
  region size 2048K, 3 young (6144K), 1 survivors (2048K)
 Metaspace       used 83825K, committed 86016K, reserved 983040K
  class space    used 11981K, committed 13056K, reserved 851968K
GC Heap History (20 events):
Event: 19.071 GC heap before
{Heap before GC invocations=32 (full 0):
 garbage-first heap   total 131072K, used 111734K [0x0000000700000000, 0x0000000800000000)
  region size 2048K, 19 young (38912K), 2 survivors (4096K)
 Metaspace       used 76574K, committed 78720K, reserved 983040K
  class space    used 11165K, committed 12224K, reserved 851968K
}
Event: 19.075 GC heap after
{Heap after GC invocations=33 (full 0):
 garbage-first heap   total 131072K, used 80040K [0x0000000700000000, 0x0000000800000000)
  region size 2048K, 3 young (6144K), 3 survivors (6144K)
 Metaspace       used 76574K, committed 78720K, reserved 983040K
  class space    used 11165K, committed 12224K, reserved 851968K
}
Event: 19.634 GC heap before
{Heap before GC invocations=33 (full 0):
 garbage-first heap   total 131072K, used 112808K [0x0000000700000000, 0x0000000800000000)
  region size 2048K, 20 young (40960K), 3 survivors (6144K)
 Metaspace       used 76599K, committed 78720K, reserved 983040K
  class space    used 11165K, committed 12224K, reserved 851968K
}
Event: 19.637 GC heap after
{Heap after GC invocations=34 (full 0):
 garbage-first heap   total 131072K, used 81806K [0x0000000700000000, 0x0000000800000000)
  region size 2048K, 2 young (4096K), 2 survivors (4096K)
 Metaspace       used 76599K, committed 78720K, reserved 983040K
  class space    used 11165K, committed 12224K, reserved 851968K
}
Event: 20.149 GC heap before
{Heap before GC invocations=34 (full 0):
 garbage-first heap   total 131072K, used 114574K [0x0000000700000000, 0x0000000800000000)
  region size 2048K, 19 young (38912K), 2 survivors (4096K)
 Metaspace       used 76604K, committed 78720K, reserved 983040K
  class space    used 11165K, committed 12224K, reserved 851968K
}
Event: 20.153 GC heap after
{Heap after GC invocations=35 (full 0):
 garbage-first heap   total 131072K, used 83570K [0x0000000700000000, 0x0000000800000000)
  region size 2048K, 3 young (6144K), 3 survivors (6144K)
 Metaspace       used 76604K, committed 78720K, reserved 983040K
  class space    used 11165K, committed 12224K, reserved 851968K
}
Event: 20.700 GC heap before
{Heap before GC invocations=36 (full 0):
 garbage-first heap   total 143360K, used 114290K [0x0000000700000000, 0x0000000800000000)
  region size 2048K, 19 young (38912K), 3 survivors (6144K)
 Metaspace       used 76607K, committed 78720K, reserved 983040K
  class space    used 11166K, committed 12224K, reserved 851968K
}
Event: 20.703 GC heap after
{Heap after GC invocations=37 (full 0):
 garbage-first heap   total 143360K, used 85102K [0x0000000700000000, 0x0000000800000000)
  region size 2048K, 2 young (4096K), 2 survivors (4096K)
 Metaspace       used 76607K, committed 78720K, reserved 983040K
  class space    used 11166K, committed 12224K, reserved 851968K
}
Event: 21.120 GC heap before
{Heap before GC invocations=37 (full 0):
 garbage-first heap   total 143360K, used 128110K [0x0000000700000000, 0x0000000800000000)
  region size 2048K, 23 young (47104K), 2 survivors (4096K)
 Metaspace       used 76711K, committed 78848K, reserved 983040K
  class space    used 11185K, committed 12224K, reserved 851968K
}
Event: 21.124 GC heap after
{Heap after GC invocations=38 (full 0):
 garbage-first heap   total 143360K, used 81928K [0x0000000700000000, 0x0000000800000000)
  region size 2048K, 2 young (4096K), 2 survivors (4096K)
 Metaspace       used 76711K, committed 78848K, reserved 983040K
  class space    used 11185K, committed 12224K, reserved 851968K
}
Event: 22.333 GC heap before
{Heap before GC invocations=38 (full 0):
 garbage-first heap   total 143360K, used 124936K [0x0000000700000000, 0x0000000800000000)
  region size 2048K, 24 young (49152K), 2 survivors (4096K)
 Metaspace       used 78049K, committed 80256K, reserved 983040K
  class space    used 11335K, committed 12416K, reserved 851968K
}
Event: 22.339 GC heap after
{Heap after GC invocations=39 (full 0):
 garbage-first heap   total 145408K, used 95448K [0x0000000700000000, 0x0000000800000000)
  region size 2048K, 3 young (6144K), 3 survivors (6144K)
 Metaspace       used 78049K, committed 80256K, reserved 983040K
  class space    used 11335K, committed 12416K, reserved 851968K
}
Event: 22.743 GC heap before
{Heap before GC invocations=40 (full 0):
 garbage-first heap   total 161792K, used 122072K [0x0000000700000000, 0x0000000800000000)
  region size 2048K, 17 young (34816K), 3 survivors (6144K)
 Metaspace       used 78049K, committed 80256K, reserved 983040K
  class space    used 11335K, committed 12416K, reserved 851968K
}
Event: 22.748 GC heap after
{Heap after GC invocations=41 (full 0):
 garbage-first heap   total 161792K, used 99539K [0x0000000700000000, 0x0000000800000000)
  region size 2048K, 2 young (4096K), 2 survivors (4096K)
 Metaspace       used 78049K, committed 80256K, reserved 983040K
  class space    used 11335K, committed 12416K, reserved 851968K
}
Event: 23.264 GC heap before
{Heap before GC invocations=41 (full 0):
 garbage-first heap   total 161792K, used 138451K [0x0000000700000000, 0x0000000800000000)
  region size 2048K, 22 young (45056K), 2 survivors (4096K)
 Metaspace       used 78050K, committed 80256K, reserved 983040K
  class space    used 11335K, committed 12416K, reserved 851968K
}
Event: 23.267 GC heap after
{Heap after GC invocations=42 (full 0):
 garbage-first heap   total 161792K, used 99687K [0x0000000700000000, 0x0000000800000000)
  region size 2048K, 2 young (4096K), 2 survivors (4096K)
 Metaspace       used 78050K, committed 80256K, reserved 983040K
  class space    used 11335K, committed 12416K, reserved 851968K
}
Event: 23.937 GC heap before
{Heap before GC invocations=42 (full 0):
 garbage-first heap   total 161792K, used 142695K [0x0000000700000000, 0x0000000800000000)
  region size 2048K, 23 young (47104K), 2 survivors (4096K)
 Metaspace       used 80354K, committed 82560K, reserved 983040K
  class space    used 11584K, committed 12672K, reserved 851968K
}
Event: 23.941 GC heap after
{Heap after GC invocations=43 (full 0):
 garbage-first heap   total 161792K, used 107644K [0x0000000700000000, 0x0000000800000000)
  region size 2048K, 3 young (6144K), 3 survivors (6144K)
 Metaspace       used 80354K, committed 82560K, reserved 983040K
  class space    used 11584K, committed 12672K, reserved 851968K
}
Event: 24.331 GC heap before
{Heap before GC invocations=43 (full 0):
 garbage-first heap   total 161792K, used 142460K [0x0000000700000000, 0x0000000800000000)
  region size 2048K, 20 young (40960K), 3 survivors (6144K)
 Metaspace       used 83576K, committed 85760K, reserved 983040K
  class space    used 11940K, committed 12992K, reserved 851968K
}
Event: 24.334 GC heap after
{Heap after GC invocations=44 (full 0):
 garbage-first heap   total 161792K, used 109213K [0x0000000700000000, 0x0000000800000000)
  region size 2048K, 1 young (2048K), 1 survivors (2048K)
 Metaspace       used 83576K, committed 85760K, reserved 983040K
  class space    used 11940K, committed 12992K, reserved 851968K
}

