# JRE version: Java(TM) SE Runtime Environment (17.0.12+8) (build 17.0.12+8-LTS-286)
# Java VM: Java HotSpot(TM) 64-Bit Server VM (17.0.12+8-LTS-286, mixed mode, sharing, tiered, compressed oops, compressed class ptrs, g1 gc, windows-amd64)
GC Precious Log:
 CPUs: 8 total, 8 available
 Memory: 16197M
 Large Page Support: Disabled
 NUMA Support: Disabled
 Compressed Oops: Enabled (Zero based)
 Heap Region Size: 2M
 Heap Min Capacity: 8M
 Heap Initial Capacity: 254M
 Heap Max Capacity: 4G
 Pre-touch: Disabled
 Parallel Workers: 8
 Concurrent Workers: 2
 Concurrent Refinement Workers: 8
 Periodic GC: Disabled
Heap:
 garbage-first heap   total 102400K, used 35681K [0x0000000700000000, 0x0000000800000000)
  region size 2048K, 6 young (12288K), 1 survivors (2048K)
 Metaspace       used 29789K, committed 30208K, reserved 917504K
  class space    used 4282K, committed 4480K, reserved 851968K
GC Heap History (12 events):
Event: 0.743 GC heap before
{Heap before GC invocations=0 (full 0):
 garbage-first heap   total 260096K, used 22528K [0x0000000700000000, 0x0000000800000000)
  region size 2048K, 11 young (22528K), 0 survivors (0K)
 Metaspace       used 825K, committed 960K, reserved 917504K
  class space    used 61K, committed 128K, reserved 851968K
}
Event: 0.755 GC heap after
{Heap after GC invocations=1 (full 0):
 garbage-first heap   total 260096K, used 1431K [0x0000000700000000, 0x0000000800000000)
  region size 2048K, 1 young (2048K), 1 survivors (2048K)
 Metaspace       used 825K, committed 960K, reserved 917504K
  class space    used 61K, committed 128K, reserved 851968K
}
Event: 1.985 GC heap before
{Heap before GC invocations=1 (full 0):
 garbage-first heap   total 260096K, used 44439K [0x0000000700000000, 0x0000000800000000)
  region size 2048K, 20 young (40960K), 1 survivors (2048K)
 Metaspace       used 4388K, committed 4544K, reserved 917504K
  class space    used 548K, committed 640K, reserved 851968K
}
Event: 1.988 GC heap after
{Heap after GC invocations=2 (full 0):
 garbage-first heap   total 260096K, used 11833K [0x0000000700000000, 0x0000000800000000)
  region size 2048K, 3 young (6144K), 3 survivors (6144K)
 Metaspace       used 4388K, committed 4544K, reserved 917504K
  class space    used 548K, committed 640K, reserved 851968K
}
Event: 2.852 GC heap before
{Heap before GC invocations=2 (full 0):
 garbage-first heap   total 260096K, used 65081K [0x0000000700000000, 0x0000000800000000)
  region size 2048K, 30 young (61440K), 3 survivors (6144K)
 Metaspace       used 5847K, committed 6016K, reserved 917504K
  class space    used 778K, committed 832K, reserved 851968K
}
Event: 2.858 GC heap after
{Heap after GC invocations=3 (full 0):
 garbage-first heap   total 260096K, used 18367K [0x0000000700000000, 0x0000000800000000)
  region size 2048K, 4 young (8192K), 4 survivors (8192K)
 Metaspace       used 5847K, committed 6016K, reserved 917504K
  class space    used 778K, committed 832K, reserved 851968K
}
Event: 7.609 GC heap before
{Heap before GC invocations=3 (full 0):
 garbage-first heap   total 260096K, used 124863K [0x0000000700000000, 0x0000000800000000)
  region size 2048K, 57 young (116736K), 4 survivors (8192K)
 Metaspace       used 21131K, committed 21504K, reserved 917504K
  class space    used 3084K, committed 3264K, reserved 851968K
}
Event: 7.620 GC heap after
{Heap after GC invocations=4 (full 0):
 garbage-first heap   total 260096K, used 24416K [0x0000000700000000, 0x0000000800000000)
  region size 2048K, 7 young (14336K), 7 survivors (14336K)
 Metaspace       used 21131K, committed 21504K, reserved 917504K
  class space    used 3084K, committed 3264K, reserved 851968K
}
Event: 9.300 GC heap before
{Heap before GC invocations=5 (full 0):
 garbage-first heap   total 102400K, used 71520K [0x0000000700000000, 0x0000000800000000)
  region size 2048K, 30 young (61440K), 7 survivors (14336K)
 Metaspace       used 27089K, committed 27456K, reserved 917504K
  class space    used 4025K, committed 4160K, reserved 851968K
}
Event: 9.309 GC heap after
{Heap after GC invocations=6 (full 0):
 garbage-first heap   total 102400K, used 27474K [0x0000000700000000, 0x0000000800000000)
  region size 2048K, 2 young (4096K), 2 survivors (4096K)
 Metaspace       used 27089K, committed 27456K, reserved 917504K
  class space    used 4025K, committed 4160K, reserved 851968K
}
Event: 9.357 GC heap before
{Heap before GC invocations=6 (full 0):
 garbage-first heap   total 102400K, used 27474K [0x0000000700000000, 0x0000000800000000)
  region size 2048K, 3 young (6144K), 2 survivors (4096K)
 Metaspace       used 27366K, committed 27776K, reserved 917504K
  class space    used 4063K, committed 4224K, reserved 851968K
}
Event: 9.362 GC heap after
{Heap after GC invocations=7 (full 0):
 garbage-first heap   total 102400K, used 27489K [0x0000000700000000, 0x0000000800000000)
  region size 2048K, 1 young (2048K), 1 survivors (2048K)
 Metaspace       used 27366K, committed 27776K, reserved 917504K
  class space    used 4063K, committed 4224K, reserved 851968K
}

