# JRE version: OpenJDK Runtime Environment Temurin-21.0.11+10 (21.0.11+10) (build 21.0.11+10-LTS)
# Java VM: OpenJDK 64-Bit Server VM Temurin-21.0.11+10 (21.0.11+10-LTS, mixed mode, sharing, tiered, compressed oops, compressed class ptrs, g1 gc, windows-amd64)
GC Precious Log:
 CardTable entry size: 512
 Card Set container configuration: InlinePtr #cards 4 size 8 Array Of Cards #cards 16 size 48 Howl #buckets 8 coarsen threshold 3686 Howl Bitmap #cards 512 size 80 coarsen threshold 460 Card regions per heap region 1 cards per card region 4096
 CPUs: 8 total, 8 available
 Memory: 16197M
 Large Page Support: Disabled
 NUMA Support: Disabled
 Compressed Oops: Enabled (Zero based)
 Heap Region Size: 2M
 Heap Min Capacity: 8M
 Heap Initial Capacity: 254M
 Heap Max Capacity: 4G
 Pre-touch: Disabled
 Parallel Workers: 8
 Concurrent Workers: 2
 Concurrent Refinement Workers: 8
 Periodic GC: Disabled
Heap:
 garbage-first heap   total 346112K, used 263730K [0x0000000700000000, 0x0000000800000000)
  region size 2048K, 36 young (73728K), 5 survivors (10240K)
 Metaspace       used 112998K, committed 115712K, reserved 983040K
  class space    used 16080K, committed 17408K, reserved 851968K
GC Heap History (20 events):
Event: 24.368 GC heap before
{Heap before GC invocations=47 (full 0):
 garbage-first heap   total 233472K, used 209679K [0x0000000700000000, 0x0000000800000000)
  region size 2048K, 38 young (77824K), 5 survivors (10240K)
 Metaspace       used 110303K, committed 112896K, reserved 983040K
  class space    used 15699K, committed 16960K, reserved 851968K
}
Event: 24.375 GC heap after
{Heap after GC invocations=48 (full 0):
 garbage-first heap   total 233472K, used 149340K [0x0000000700000000, 0x0000000800000000)
  region size 2048K, 3 young (6144K), 3 survivors (6144K)
 Metaspace       used 110303K, committed 112896K, reserved 983040K
  class space    used 15699K, committed 16960K, reserved 851968K
}
Event: 25.248 GC heap before
{Heap before GC invocations=49 (full 0):
 garbage-first heap   total 249856K, used 212828K [0x0000000700000000, 0x0000000800000000)
  region size 2048K, 35 young (71680K), 3 survivors (6144K)
 Metaspace       used 110304K, committed 112896K, reserved 983040K
  class space    used 15699K, committed 16960K, reserved 851968K
}
Event: 25.252 GC heap after
{Heap after GC invocations=50 (full 0):
 garbage-first heap   total 249856K, used 150422K [0x0000000700000000, 0x0000000800000000)
  region size 2048K, 4 young (8192K), 4 survivors (8192K)
 Metaspace       used 110304K, committed 112896K, reserved 983040K
  class space    used 15699K, committed 16960K, reserved 851968K
}
Event: 27.537 GC heap before
{Heap before GC invocations=50 (full 0):
 garbage-first heap   total 249856K, used 234390K [0x0000000700000000, 0x0000000800000000)
  region size 2048K, 43 young (88064K), 4 survivors (8192K)
 Metaspace       used 111916K, committed 114560K, reserved 983040K
  class space    used 15964K, committed 17280K, reserved 851968K
}
Event: 27.552 GC heap after
{Heap after GC invocations=51 (full 0):
 garbage-first heap   total 268288K, used 166805K [0x0000000700000000, 0x0000000800000000)
  region size 2048K, 6 young (12288K), 6 survivors (12288K)
 Metaspace       used 111916K, committed 114560K, reserved 983040K
  class space    used 15964K, committed 17280K, reserved 851968K
}
Event: 28.951 GC heap before
{Heap before GC invocations=51 (full 0):
 garbage-first heap   total 268288K, used 238485K [0x0000000700000000, 0x0000000800000000)
  region size 2048K, 41 young (83968K), 6 survivors (12288K)
 Metaspace       used 111919K, committed 114560K, reserved 983040K
  class space    used 15964K, committed 17280K, reserved 851968K
}
Event: 28.957 GC heap after
{Heap after GC invocations=52 (full 0):
 garbage-first heap   total 268288K, used 173588K [0x0000000700000000, 0x0000000800000000)
  region size 2048K, 3 young (6144K), 3 survivors (6144K)
 Metaspace       used 111919K, committed 114560K, reserved 983040K
  class space    used 15964K, committed 17280K, reserved 851968K
}
Event: 30.597 GC heap before
{Heap before GC invocations=53 (full 0):
 garbage-first heap   total 294912K, used 241172K [0x0000000700000000, 0x0000000800000000)
  region size 2048K, 36 young (73728K), 3 survivors (6144K)
 Metaspace       used 112258K, committed 114944K, reserved 983040K
  class space    used 16008K, committed 17344K, reserved 851968K
}
Event: 30.604 GC heap after
{Heap after GC invocations=54 (full 0):
 garbage-first heap   total 294912K, used 179477K [0x0000000700000000, 0x0000000800000000)
  region size 2048K, 5 young (10240K), 5 survivors (10240K)
 Metaspace       used 112258K, committed 114944K, reserved 983040K
  class space    used 16008K, committed 17344K, reserved 851968K
}
Event: 32.013 GC heap before
{Heap before GC invocations=54 (full 0):
 garbage-first heap   total 294912K, used 263445K [0x0000000700000000, 0x0000000800000000)
  region size 2048K, 47 young (96256K), 5 survivors (10240K)
 Metaspace       used 112275K, committed 114944K, reserved 983040K
  class space    used 16008K, committed 17344K, reserved 851968K
}
Event: 32.024 GC heap after
{Heap after GC invocations=55 (full 0):
 garbage-first heap   total 294912K, used 177143K [0x0000000700000000, 0x0000000800000000)
  region size 2048K, 3 young (6144K), 3 survivors (6144K)
 Metaspace       used 112275K, committed 114944K, reserved 983040K
  class space    used 16008K, committed 17344K, reserved 851968K
}
Event: 34.575 GC heap before
{Heap before GC invocations=55 (full 0):
 garbage-first heap   total 294912K, used 265207K [0x0000000700000000, 0x0000000800000000)
  region size 2048K, 47 young (96256K), 3 survivors (6144K)
 Metaspace       used 112478K, committed 115200K, reserved 983040K
  class space    used 16023K, committed 17344K, reserved 851968K
}
Event: 34.582 GC heap after
{Heap after GC invocations=56 (full 0):
 garbage-first heap   total 294912K, used 183450K [0x0000000700000000, 0x0000000800000000)
  region size 2048K, 6 young (12288K), 6 survivors (12288K)
 Metaspace       used 112478K, committed 115200K, reserved 983040K
  class space    used 16023K, committed 17344K, reserved 851968K
}
Event: 36.462 GC heap before
{Heap before GC invocations=57 (full 0):
 garbage-first heap   total 307200K, used 265370K [0x0000000700000000, 0x0000000800000000)
  region size 2048K, 47 young (96256K), 6 survivors (12288K)
 Metaspace       used 112761K, committed 115520K, reserved 983040K
  class space    used 16061K, committed 17408K, reserved 851968K
}
Event: 36.470 GC heap after
{Heap after GC invocations=58 (full 0):
 garbage-first heap   total 307200K, used 194052K [0x0000000700000000, 0x0000000800000000)
  region size 2048K, 6 young (12288K), 6 survivors (12288K)
 Metaspace       used 112761K, committed 115520K, reserved 983040K
  class space    used 16061K, committed 17408K, reserved 851968K
}
Event: 37.218 GC heap before
{Heap before GC invocations=58 (full 0):
 garbage-first heap   total 307200K, used 273924K [0x0000000700000000, 0x0000000800000000)
  region size 2048K, 46 young (94208K), 6 survivors (12288K)
 Metaspace       used 112778K, committed 115520K, reserved 983040K
  class space    used 16061K, committed 17408K, reserved 851968K
}
Event: 37.226 GC heap after
{Heap after GC invocations=59 (full 0):
 garbage-first heap   total 307200K, used 194784K [0x0000000700000000, 0x0000000800000000)
  region size 2048K, 3 young (6144K), 3 survivors (6144K)
 Metaspace       used 112778K, committed 115520K, reserved 983040K
  class space    used 16061K, committed 17408K, reserved 851968K
}
Event: 38.122 GC heap before
{Heap before GC invocations=59 (full 0):
 garbage-first heap   total 307200K, used 262368K [0x0000000700000000, 0x0000000800000000)
  region size 2048K, 38 young (77824K), 3 survivors (6144K)
 Metaspace       used 112856K, committed 115648K, reserved 983040K
  class space    used 16069K, committed 17408K, reserved 851968K
}
Event: 38.127 GC heap after
{Heap after GC invocations=60 (full 0):
 garbage-first heap   total 307200K, used 198194K [0x0000000700000000, 0x0000000800000000)
  region size 2048K, 5 young (10240K), 5 survivors (10240K)
 Metaspace       used 112856K, committed 115648K, reserved 983040K
  class space    used 16069K, committed 17408K, reserved 851968K
}

