# JRE version: OpenJDK Runtime Environment Temurin-21.0.10+7 (21.0.10+7) (build 21.0.10+7-LTS)
# Java VM: OpenJDK 64-Bit Server VM Temurin-21.0.10+7 (21.0.10+7-LTS, mixed mode, sharing, tiered, compressed oops, compressed class ptrs, parallel gc, windows-amd64)
GC Precious Log:
 CardTable entry size: 512
 CPUs: 8 total, 8 available
 Memory: 16197M
 Large Page Support: Disabled
 NUMA Support: Disabled
 Compressed Oops: Enabled (32-bit)
 Alignments: Space 512K, Generation 512K, Heap 2M
 Heap Min Capacity: 100M
 Heap Initial Capacity: 100M
 Heap Max Capacity: 2G
 Pre-touch: Disabled
 Parallel Workers: 8
Heap:
 PSYoungGen      total 19456K, used 2932K [0x00000000d5580000, 0x00000000d6d00000, 0x0000000100000000)
  eden space 18944K, 12% used [0x00000000d5580000,0x00000000d57dd110,0x00000000d6800000)
  from space 512K, 100% used [0x00000000d6c00000,0x00000000d6c80000,0x00000000d6c80000)
  to   space 512K, 0% used [0x00000000d6c80000,0x00000000d6c80000,0x00000000d6d00000)
 ParOldGen       total 68608K, used 51989K [0x0000000080000000, 0x0000000084300000, 0x00000000d5580000)
  object space 68608K, 75% used [0x0000000080000000,0x00000000832c5770,0x0000000084300000)
 Metaspace       used 65546K, committed 66880K, reserved 1114112K
  class space    used 7557K, committed 8128K, reserved 1048576K
GC Heap History (20 events):
Event: 71.851 GC heap before
{Heap before GC invocations=37 (full 3):
 PSYoungGen      total 20480K, used 18944K [0x00000000d5580000, 0x00000000d7900000, 0x0000000100000000)
  eden space 18944K, 100% used [0x00000000d5580000,0x00000000d6800000,0x00000000d6800000)
  from space 1536K, 0% used [0x00000000d6880000,0x00000000d6880000,0x00000000d6a00000)
  to   space 8704K, 0% used [0x00000000d7080000,0x00000000d7080000,0x00000000d7900000)
 ParOldGen       total 68608K, used 45905K [0x0000000080000000, 0x0000000084300000, 0x00000000d5580000)
  object space 68608K, 66% used [0x0000000080000000,0x0000000082cd45f0,0x0000000084300000)
 Metaspace       used 59776K, committed 61056K, reserved 1114112K
  class space    used 6635K, committed 7168K, reserved 1048576K
}
Event: 71.853 GC heap after
{Heap after GC invocations=37 (full 3):
 PSYoungGen      total 19968K, used 704K [0x00000000d5580000, 0x00000000d7180000, 0x0000000100000000)
  eden space 18944K, 0% used [0x00000000d5580000,0x00000000d5580000,0x00000000d6800000)
  from space 1024K, 68% used [0x00000000d7080000,0x00000000d7130000,0x00000000d7180000)
  to   space 3072K, 0% used [0x00000000d6b80000,0x00000000d6b80000,0x00000000d6e80000)
 ParOldGen       total 68608K, used 45913K [0x0000000080000000, 0x0000000084300000, 0x00000000d5580000)
  object space 68608K, 66% used [0x0000000080000000,0x0000000082cd65f0,0x0000000084300000)
 Metaspace       used 59776K, committed 61056K, reserved 1114112K
  class space    used 6635K, committed 7168K, reserved 1048576K
}
Event: 79.943 GC heap before
{Heap before GC invocations=38 (full 3):
 PSYoungGen      total 19968K, used 19648K [0x00000000d5580000, 0x00000000d7180000, 0x0000000100000000)
  eden space 18944K, 100% used [0x00000000d5580000,0x00000000d6800000,0x00000000d6800000)
  from space 1024K, 68% used [0x00000000d7080000,0x00000000d7130000,0x00000000d7180000)
  to   space 3072K, 0% used [0x00000000d6b80000,0x00000000d6b80000,0x00000000d6e80000)
 ParOldGen       total 68608K, used 45913K [0x0000000080000000, 0x0000000084300000, 0x00000000d5580000)
  object space 68608K, 66% used [0x0000000080000000,0x0000000082cd65f0,0x0000000084300000)
 Metaspace       used 59791K, committed 61056K, reserved 1114112K
  class space    used 6635K, committed 7168K, reserved 1048576K
}
Event: 79.944 GC heap after
{Heap after GC invocations=38 (full 3):
 PSYoungGen      total 22016K, used 1890K [0x00000000d5580000, 0x00000000d7100000, 0x0000000100000000)
  eden space 18944K, 0% used [0x00000000d5580000,0x00000000d5580000,0x00000000d6800000)
  from space 3072K, 61% used [0x00000000d6b80000,0x00000000d6d58818,0x00000000d6e80000)
  to   space 2560K, 0% used [0x00000000d6e80000,0x00000000d6e80000,0x00000000d7100000)
 ParOldGen       total 68608K, used 46506K [0x0000000080000000, 0x0000000084300000, 0x00000000d5580000)
  object space 68608K, 67% used [0x0000000080000000,0x0000000082d6a9a0,0x0000000084300000)
 Metaspace       used 59791K, committed 61056K, reserved 1114112K
  class space    used 6635K, committed 7168K, reserved 1048576K
}
Event: 81.739 GC heap before
{Heap before GC invocations=39 (full 3):
 PSYoungGen      total 22016K, used 20834K [0x00000000d5580000, 0x00000000d7100000, 0x0000000100000000)
  eden space 18944K, 100% used [0x00000000d5580000,0x00000000d6800000,0x00000000d6800000)
  from space 3072K, 61% used [0x00000000d6b80000,0x00000000d6d58818,0x00000000d6e80000)
  to   space 2560K, 0% used [0x00000000d6e80000,0x00000000d6e80000,0x00000000d7100000)
 ParOldGen       total 68608K, used 46506K [0x0000000080000000, 0x0000000084300000, 0x00000000d5580000)
  object space 68608K, 67% used [0x0000000080000000,0x0000000082d6a9a0,0x0000000084300000)
 Metaspace       used 60706K, committed 62016K, reserved 1114112K
  class space    used 6831K, committed 7360K, reserved 1048576K
}
Event: 81.741 GC heap after
{Heap after GC invocations=39 (full 3):
 PSYoungGen      total 21504K, used 2546K [0x00000000d5580000, 0x00000000d7200000, 0x0000000100000000)
  eden space 18944K, 0% used [0x00000000d5580000,0x00000000d5580000,0x00000000d6800000)
  from space 2560K, 99% used [0x00000000d6e80000,0x00000000d70fcbb0,0x00000000d7100000)
  to   space 5120K, 0% used [0x00000000d6800000,0x00000000d6800000,0x00000000d6d00000)
 ParOldGen       total 68608K, used 48550K [0x0000000080000000, 0x0000000084300000, 0x00000000d5580000)
  object space 68608K, 70% used [0x0000000080000000,0x0000000082f69b08,0x0000000084300000)
 Metaspace       used 60706K, committed 62016K, reserved 1114112K
  class space    used 6831K, committed 7360K, reserved 1048576K
}
Event: 82.168 GC heap before
{Heap before GC invocations=40 (full 3):
 PSYoungGen      total 21504K, used 21490K [0x00000000d5580000, 0x00000000d7200000, 0x0000000100000000)
  eden space 18944K, 100% used [0x00000000d5580000,0x00000000d6800000,0x00000000d6800000)
  from space 2560K, 99% used [0x00000000d6e80000,0x00000000d70fcbb0,0x00000000d7100000)
  to   space 5120K, 0% used [0x00000000d6800000,0x00000000d6800000,0x00000000d6d00000)
 ParOldGen       total 68608K, used 48550K [0x0000000080000000, 0x0000000084300000, 0x00000000d5580000)
  object space 68608K, 70% used [0x0000000080000000,0x0000000082f69b08,0x0000000084300000)
 Metaspace       used 62808K, committed 64128K, reserved 1114112K
  class space    used 7195K, committed 7744K, reserved 1048576K
}
Event: 82.170 GC heap after
{Heap after GC invocations=40 (full 3):
 PSYoungGen      total 19968K, used 640K [0x00000000d5580000, 0x00000000d6f00000, 0x0000000100000000)
  eden space 18944K, 0% used [0x00000000d5580000,0x00000000d5580000,0x00000000d6800000)
  from space 1024K, 62% used [0x00000000d6800000,0x00000000d68a0000,0x00000000d6900000)
  to   space 2560K, 0% used [0x00000000d6c80000,0x00000000d6c80000,0x00000000d6f00000)
 ParOldGen       total 68608K, used 50942K [0x0000000080000000, 0x0000000084300000, 0x00000000d5580000)
  object space 68608K, 74% used [0x0000000080000000,0x00000000831bfa60,0x0000000084300000)
 Metaspace       used 62808K, committed 64128K, reserved 1114112K
  class space    used 7195K, committed 7744K, reserved 1048576K
}
Event: 82.922 GC heap before
{Heap before GC invocations=41 (full 3):
 PSYoungGen      total 19968K, used 19584K [0x00000000d5580000, 0x00000000d6f00000, 0x0000000100000000)
  eden space 18944K, 100% used [0x00000000d5580000,0x00000000d6800000,0x00000000d6800000)
  from space 1024K, 62% used [0x00000000d6800000,0x00000000d68a0000,0x00000000d6900000)
  to   space 2560K, 0% used [0x00000000d6c80000,0x00000000d6c80000,0x00000000d6f00000)
 ParOldGen       total 68608K, used 50942K [0x0000000080000000, 0x0000000084300000, 0x00000000d5580000)
  object space 68608K, 74% used [0x0000000080000000,0x00000000831bfa60,0x0000000084300000)
 Metaspace       used 64093K, committed 65472K, reserved 1114112K
  class space    used 7365K, committed 7936K, reserved 1048576K
}
Event: 82.923 GC heap after
{Heap after GC invocations=41 (full 3):
 PSYoungGen      total 19456K, used 416K [0x00000000d5580000, 0x00000000d6d00000, 0x0000000100000000)
  eden space 18944K, 0% used [0x00000000d5580000,0x00000000d5580000,0x00000000d6800000)
  from space 512K, 81% used [0x00000000d6c80000,0x00000000d6ce8000,0x00000000d6d00000)
  to   space 1024K, 0% used [0x00000000d6b00000,0x00000000d6b00000,0x00000000d6c00000)
 ParOldGen       total 68608K, used 51454K [0x0000000080000000, 0x0000000084300000, 0x00000000d5580000)
  object space 68608K, 74% used [0x0000000080000000,0x000000008323fa60,0x0000000084300000)
 Metaspace       used 64093K, committed 65472K, reserved 1114112K
  class space    used 7365K, committed 7936K, reserved 1048576K
}
Event: 83.401 GC heap before
{Heap before GC invocations=42 (full 3):
 PSYoungGen      total 19456K, used 19360K [0x00000000d5580000, 0x00000000d6d00000, 0x0000000100000000)
  eden space 18944K, 100% used [0x00000000d5580000,0x00000000d6800000,0x00000000d6800000)
  from space 512K, 81% used [0x00000000d6c80000,0x00000000d6ce8000,0x00000000d6d00000)
  to   space 1024K, 0% used [0x00000000d6b00000,0x00000000d6b00000,0x00000000d6c00000)
 ParOldGen       total 68608K, used 51454K [0x0000000080000000, 0x0000000084300000, 0x00000000d5580000)
  object space 68608K, 74% used [0x0000000080000000,0x000000008323fa60,0x0000000084300000)
 Metaspace       used 64096K, committed 65472K, reserved 1114112K
  class space    used 7365K, committed 7936K, reserved 1048576K
}
Event: 83.401 GC heap after
{Heap after GC invocations=42 (full 3):
 PSYoungGen      total 19968K, used 64K [0x00000000d5580000, 0x00000000d6d00000, 0x0000000100000000)
  eden space 18944K, 0% used [0x00000000d5580000,0x00000000d5580000,0x00000000d6800000)
  from space 1024K, 6% used [0x00000000d6b00000,0x00000000d6b10000,0x00000000d6c00000)
  to   space 512K, 0% used [0x00000000d6c80000,0x00000000d6c80000,0x00000000d6d00000)
 ParOldGen       total 68608K, used 51781K [0x0000000080000000, 0x0000000084300000, 0x00000000d5580000)
  object space 68608K, 75% used [0x0000000080000000,0x0000000083291770,0x0000000084300000)
 Metaspace       used 64096K, committed 65472K, reserved 1114112K
  class space    used 7365K, committed 7936K, reserved 1048576K
}
Event: 83.830 GC heap before
{Heap before GC invocations=43 (full 3):
 PSYoungGen      total 19968K, used 19008K [0x00000000d5580000, 0x00000000d6d00000, 0x0000000100000000)
  eden space 18944K, 100% used [0x00000000d5580000,0x00000000d6800000,0x00000000d6800000)
  from space 1024K, 6% used [0x00000000d6b00000,0x00000000d6b10000,0x00000000d6c00000)
  to   space 512K, 0% used [0x00000000d6c80000,0x00000000d6c80000,0x00000000d6d00000)
 ParOldGen       total 68608K, used 51781K [0x0000000080000000, 0x0000000084300000, 0x00000000d5580000)
  object space 68608K, 75% used [0x0000000080000000,0x0000000083291770,0x0000000084300000)
 Metaspace       used 64097K, committed 65472K, reserved 1114112K
  class space    used 7365K, committed 7936K, reserved 1048576K
}
Event: 83.830 GC heap after
{Heap after GC invocations=43 (full 3):
 PSYoungGen      total 19456K, used 192K [0x00000000d5580000, 0x00000000d6d00000, 0x0000000100000000)
  eden space 18944K, 0% used [0x00000000d5580000,0x00000000d5580000,0x00000000d6800000)
  from space 512K, 37% used [0x00000000d6c80000,0x00000000d6cb0000,0x00000000d6d00000)
  to   space 512K, 0% used [0x00000000d6c00000,0x00000000d6c00000,0x00000000d6c80000)
 ParOldGen       total 68608K, used 51805K [0x0000000080000000, 0x0000000084300000, 0x00000000d5580000)
  object space 68608K, 75% used [0x0000000080000000,0x0000000083297770,0x0000000084300000)
 Metaspace       used 64097K, committed 65472K, reserved 1114112K
  class space    used 7365K, committed 7936K, reserved 1048576K
}
Event: 84.138 GC heap before
{Heap before GC invocations=44 (full 3):
 PSYoungGen      total 19456K, used 19136K [0x00000000d5580000, 0x00000000d6d00000, 0x0000000100000000)
  eden space 18944K, 100% used [0x00000000d5580000,0x00000000d6800000,0x00000000d6800000)
  from space 512K, 37% used [0x00000000d6c80000,0x00000000d6cb0000,0x00000000d6d00000)
  to   space 512K, 0% used [0x00000000d6c00000,0x00000000d6c00000,0x00000000d6c80000)
 ParOldGen       total 68608K, used 51805K [0x0000000080000000, 0x0000000084300000, 0x00000000d5580000)
  object space 68608K, 75% used [0x0000000080000000,0x0000000083297770,0x0000000084300000)
 Metaspace       used 64100K, committed 65472K, reserved 1114112K
  class space    used 7366K, committed 7936K, reserved 1048576K
}
Event: 84.139 GC heap after
{Heap after GC invocations=44 (full 3):
 PSYoungGen      total 19456K, used 192K [0x00000000d5580000, 0x00000000d6d00000, 0x0000000100000000)
  eden space 18944K, 0% used [0x00000000d5580000,0x00000000d5580000,0x00000000d6800000)
  from space 512K, 37% used [0x00000000d6c00000,0x00000000d6c30000,0x00000000d6c80000)
  to   space 512K, 0% used [0x00000000d6c80000,0x00000000d6c80000,0x00000000d6d00000)
 ParOldGen       total 68608K, used 51829K [0x0000000080000000, 0x0000000084300000, 0x00000000d5580000)
  object space 68608K, 75% used [0x0000000080000000,0x000000008329d770,0x0000000084300000)
 Metaspace       used 64100K, committed 65472K, reserved 1114112K
  class space    used 7366K, committed 7936K, reserved 1048576K
}
Event: 84.564 GC heap before
{Heap before GC invocations=45 (full 3):
 PSYoungGen      total 19456K, used 19135K [0x00000000d5580000, 0x00000000d6d00000, 0x0000000100000000)
  eden space 18944K, 99% used [0x00000000d5580000,0x00000000d67fff88,0x00000000d6800000)
  from space 512K, 37% used [0x00000000d6c00000,0x00000000d6c30000,0x00000000d6c80000)
  to   space 512K, 0% used [0x00000000d6c80000,0x00000000d6c80000,0x00000000d6d00000)
 ParOldGen       total 68608K, used 51829K [0x0000000080000000, 0x0000000084300000, 0x00000000d5580000)
  object space 68608K, 75% used [0x0000000080000000,0x000000008329d770,0x0000000084300000)
 Metaspace       used 64100K, committed 65472K, reserved 1114112K
  class space    used 7366K, committed 7936K, reserved 1048576K
}
Event: 84.564 GC heap after
{Heap after GC invocations=45 (full 3):
 PSYoungGen      total 19456K, used 192K [0x00000000d5580000, 0x00000000d6d00000, 0x0000000100000000)
  eden space 18944K, 0% used [0x00000000d5580000,0x00000000d5580000,0x00000000d6800000)
  from space 512K, 37% used [0x00000000d6c80000,0x00000000d6cb0000,0x00000000d6d00000)
  to   space 512K, 0% used [0x00000000d6c00000,0x00000000d6c00000,0x00000000d6c80000)
 ParOldGen       total 68608K, used 51885K [0x0000000080000000, 0x0000000084300000, 0x00000000d5580000)
  object space 68608K, 75% used [0x0000000080000000,0x00000000832ab770,0x0000000084300000)
 Metaspace       used 64100K, committed 65472K, reserved 1114112K
  class space    used 7366K, committed 7936K, reserved 1048576K
}
Event: 84.834 GC heap before
{Heap before GC invocations=46 (full 3):
 PSYoungGen      total 19456K, used 19136K [0x00000000d5580000, 0x00000000d6d00000, 0x0000000100000000)
  eden space 18944K, 100% used [0x00000000d5580000,0x00000000d6800000,0x00000000d6800000)
  from space 512K, 37% used [0x00000000d6c80000,0x00000000d6cb0000,0x00000000d6d00000)
  to   space 512K, 0% used [0x00000000d6c00000,0x00000000d6c00000,0x00000000d6c80000)
 ParOldGen       total 68608K, used 51885K [0x0000000080000000, 0x0000000084300000, 0x00000000d5580000)
  object space 68608K, 75% used [0x0000000080000000,0x00000000832ab770,0x0000000084300000)
 Metaspace       used 65493K, committed 66880K, reserved 1114112K
  class space    used 7549K, committed 8128K, reserved 1048576K
}
Event: 84.835 GC heap after
{Heap after GC invocations=46 (full 3):
 PSYoungGen      total 19456K, used 512K [0x00000000d5580000, 0x00000000d6d00000, 0x0000000100000000)
  eden space 18944K, 0% used [0x00000000d5580000,0x00000000d5580000,0x00000000d6800000)
  from space 512K, 100% used [0x00000000d6c00000,0x00000000d6c80000,0x00000000d6c80000)
  to   space 512K, 0% used [0x00000000d6c80000,0x00000000d6c80000,0x00000000d6d00000)
 ParOldGen       total 68608K, used 51989K [0x0000000080000000, 0x0000000084300000, 0x00000000d5580000)
  object space 68608K, 75% used [0x0000000080000000,0x00000000832c5770,0x0000000084300000)
 Metaspace       used 65493K, committed 66880K, reserved 1114112K
  class space    used 7549K, committed 8128K, reserved 1048576K
}

