# JRE version: OpenJDK Runtime Environment Temurin-21.0.10+7 (21.0.10+7) (build 21.0.10+7-LTS)
# Java VM: OpenJDK 64-Bit Server VM Temurin-21.0.10+7 (21.0.10+7-LTS, mixed mode, sharing, tiered, compressed oops, compressed class ptrs, parallel gc, windows-amd64)
GC Precious Log:
 CardTable entry size: 512
 CPUs: 8 total, 8 available
 Memory: 16197M
 Large Page Support: Disabled
 NUMA Support: Disabled
 Compressed Oops: Enabled (32-bit)
 Alignments: Space 512K, Generation 512K, Heap 2M
 Heap Min Capacity: 100M
 Heap Initial Capacity: 100M
 Heap Max Capacity: 2G
 Pre-touch: Disabled
 Parallel Workers: 8
Heap:
 PSYoungGen      total 17920K, used 9716K [0x00000000d5580000, 0x00000000d6e80000, 0x0000000100000000)
  eden space 17408K, 53% used [0x00000000d5580000,0x00000000d5e83c38,0x00000000d6680000)
  from space 512K, 94% used [0x00000000d6700000,0x00000000d67794d8,0x00000000d6780000)
  to   space 4096K, 0% used [0x00000000d6a80000,0x00000000d6a80000,0x00000000d6e80000)
 ParOldGen       total 76288K, used 75951K [0x0000000080000000, 0x0000000084a80000, 0x00000000d5580000)
  object space 76288K, 99% used [0x0000000080000000,0x0000000084a2be20,0x0000000084a80000)
 Metaspace       used 74613K, committed 76096K, reserved 1179648K
  class space    used 9041K, committed 9664K, reserved 1048576K
GC Heap History (20 events):
Event: 1914.179 GC heap before
{Heap before GC invocations=209 (full 3):
 PSYoungGen      total 18944K, used 18798K [0x00000000d5580000, 0x00000000d6a80000, 0x0000000100000000)
  eden space 17920K, 100% used [0x00000000d5580000,0x00000000d6700000,0x00000000d6700000)
  from space 1024K, 85% used [0x00000000d6880000,0x00000000d695ba60,0x00000000d6980000)
  to   space 1024K, 0% used [0x00000000d6980000,0x00000000d6980000,0x00000000d6a80000)
 ParOldGen       total 68608K, used 64171K [0x0000000080000000, 0x0000000084300000, 0x00000000d5580000)
  object space 68608K, 93% used [0x0000000080000000,0x0000000083eaaea8,0x0000000084300000)
 Metaspace       used 73949K, committed 75520K, reserved 1179648K
  class space    used 9033K, committed 9664K, reserved 1048576K
}
Event: 1914.181 GC heap after
{Heap after GC invocations=209 (full 3):
 PSYoungGen      total 18432K, used 448K [0x00000000d5580000, 0x00000000d6a00000, 0x0000000100000000)
  eden space 17920K, 0% used [0x00000000d5580000,0x00000000d5580000,0x00000000d6700000)
  from space 512K, 87% used [0x00000000d6980000,0x00000000d69f0040,0x00000000d6a00000)
  to   space 1024K, 0% used [0x00000000d6800000,0x00000000d6800000,0x00000000d6900000)
 ParOldGen       total 68608K, used 64810K [0x0000000080000000, 0x0000000084300000, 0x00000000d5580000)
  object space 68608K, 94% used [0x0000000080000000,0x0000000083f4a8e8,0x0000000084300000)
 Metaspace       used 73949K, committed 75520K, reserved 1179648K
  class space    used 9033K, committed 9664K, reserved 1048576K
}
Event: 1916.698 GC heap before
{Heap before GC invocations=210 (full 3):
 PSYoungGen      total 18432K, used 18368K [0x00000000d5580000, 0x00000000d6a00000, 0x0000000100000000)
  eden space 17920K, 100% used [0x00000000d5580000,0x00000000d6700000,0x00000000d6700000)
  from space 512K, 87% used [0x00000000d6980000,0x00000000d69f0040,0x00000000d6a00000)
  to   space 1024K, 0% used [0x00000000d6800000,0x00000000d6800000,0x00000000d6900000)
 ParOldGen       total 68608K, used 64810K [0x0000000080000000, 0x0000000084300000, 0x00000000d5580000)
  object space 68608K, 94% used [0x0000000080000000,0x0000000083f4a8e8,0x0000000084300000)
 Metaspace       used 74045K, committed 75584K, reserved 1179648K
  class space    used 9033K, committed 9664K, reserved 1048576K
}
Event: 1916.700 GC heap after
{Heap after GC invocations=210 (full 3):
 PSYoungGen      total 18944K, used 1002K [0x00000000d5580000, 0x00000000d7300000, 0x0000000100000000)
  eden space 17920K, 0% used [0x00000000d5580000,0x00000000d5580000,0x00000000d6700000)
  from space 1024K, 97% used [0x00000000d6800000,0x00000000d68fa9b0,0x00000000d6900000)
  to   space 6144K, 0% used [0x00000000d6d00000,0x00000000d6d00000,0x00000000d7300000)
 ParOldGen       total 69120K, used 68770K [0x0000000080000000, 0x0000000084380000, 0x00000000d5580000)
  object space 69120K, 99% used [0x0000000080000000,0x0000000084328928,0x0000000084380000)
 Metaspace       used 74045K, committed 75584K, reserved 1179648K
  class space    used 9033K, committed 9664K, reserved 1048576K
}
Event: 1919.772 GC heap before
{Heap before GC invocations=211 (full 3):
 PSYoungGen      total 18944K, used 18922K [0x00000000d5580000, 0x00000000d7300000, 0x0000000100000000)
  eden space 17920K, 100% used [0x00000000d5580000,0x00000000d6700000,0x00000000d6700000)
  from space 1024K, 97% used [0x00000000d6800000,0x00000000d68fa9b0,0x00000000d6900000)
  to   space 6144K, 0% used [0x00000000d6d00000,0x00000000d6d00000,0x00000000d7300000)
 ParOldGen       total 69120K, used 68770K [0x0000000080000000, 0x0000000084380000, 0x00000000d5580000)
  object space 69120K, 99% used [0x0000000080000000,0x0000000084328928,0x0000000084380000)
 Metaspace       used 74133K, committed 75648K, reserved 1179648K
  class space    used 9037K, committed 9664K, reserved 1048576K
}
Event: 1919.774 GC heap after
{Heap after GC invocations=211 (full 3):
 PSYoungGen      total 19968K, used 1720K [0x00000000d5580000, 0x00000000d6f00000, 0x0000000100000000)
  eden space 17920K, 0% used [0x00000000d5580000,0x00000000d5580000,0x00000000d6700000)
  from space 2048K, 84% used [0x00000000d6d00000,0x00000000d6eae290,0x00000000d6f00000)
  to   space 3072K, 0% used [0x00000000d6900000,0x00000000d6900000,0x00000000d6c00000)
 ParOldGen       total 69120K, used 68834K [0x0000000080000000, 0x0000000084380000, 0x00000000d5580000)
  object space 69120K, 99% used [0x0000000080000000,0x0000000084338928,0x0000000084380000)
 Metaspace       used 74133K, committed 75648K, reserved 1179648K
  class space    used 9037K, committed 9664K, reserved 1048576K
}
Event: 1931.242 GC heap before
{Heap before GC invocations=212 (full 3):
 PSYoungGen      total 19968K, used 19640K [0x00000000d5580000, 0x00000000d6f00000, 0x0000000100000000)
  eden space 17920K, 100% used [0x00000000d5580000,0x00000000d6700000,0x00000000d6700000)
  from space 2048K, 84% used [0x00000000d6d00000,0x00000000d6eae290,0x00000000d6f00000)
  to   space 3072K, 0% used [0x00000000d6900000,0x00000000d6900000,0x00000000d6c00000)
 ParOldGen       total 69120K, used 68834K [0x0000000080000000, 0x0000000084380000, 0x00000000d5580000)
  object space 69120K, 99% used [0x0000000080000000,0x0000000084338928,0x0000000084380000)
 Metaspace       used 74222K, committed 75776K, reserved 1179648K
  class space    used 9037K, committed 9664K, reserved 1048576K
}
Event: 1931.243 GC heap after
{Heap after GC invocations=212 (full 3):
 PSYoungGen      total 20992K, used 256K [0x00000000d5580000, 0x00000000d6d80000, 0x0000000100000000)
  eden space 17920K, 0% used [0x00000000d5580000,0x00000000d5580000,0x00000000d6700000)
  from space 3072K, 8% used [0x00000000d6900000,0x00000000d6940000,0x00000000d6c00000)
  to   space 1024K, 0% used [0x00000000d6c80000,0x00000000d6c80000,0x00000000d6d80000)
 ParOldGen       total 69120K, used 68954K [0x0000000080000000, 0x0000000084380000, 0x00000000d5580000)
  object space 69120K, 99% used [0x0000000080000000,0x0000000084356948,0x0000000084380000)
 Metaspace       used 74222K, committed 75776K, reserved 1179648K
  class space    used 9037K, committed 9664K, reserved 1048576K
}
Event: 1933.329 GC heap before
{Heap before GC invocations=213 (full 3):
 PSYoungGen      total 20992K, used 18174K [0x00000000d5580000, 0x00000000d6d80000, 0x0000000100000000)
  eden space 17920K, 99% used [0x00000000d5580000,0x00000000d66ffa48,0x00000000d6700000)
  from space 3072K, 8% used [0x00000000d6900000,0x00000000d6940000,0x00000000d6c00000)
  to   space 1024K, 0% used [0x00000000d6c80000,0x00000000d6c80000,0x00000000d6d80000)
 ParOldGen       total 69120K, used 68954K [0x0000000080000000, 0x0000000084380000, 0x00000000d5580000)
  object space 69120K, 99% used [0x0000000080000000,0x0000000084356948,0x0000000084380000)
 Metaspace       used 74236K, committed 75776K, reserved 1179648K
  class space    used 9037K, committed 9664K, reserved 1048576K
}
Event: 1933.342 GC heap after
{Heap after GC invocations=213 (full 3):
 PSYoungGen      total 18432K, used 1018K [0x00000000d5580000, 0x00000000d7300000, 0x0000000100000000)
  eden space 17408K, 0% used [0x00000000d5580000,0x00000000d5580000,0x00000000d6680000)
  from space 1024K, 99% used [0x00000000d6c80000,0x00000000d6d7e9c0,0x00000000d6d80000)
  to   space 6144K, 0% used [0x00000000d6680000,0x00000000d6680000,0x00000000d6c80000)
 ParOldGen       total 73216K, used 73018K [0x0000000080000000, 0x0000000084780000, 0x00000000d5580000)
  object space 73216K, 99% used [0x0000000080000000,0x000000008474e948,0x0000000084780000)
 Metaspace       used 74236K, committed 75776K, reserved 1179648K
  class space    used 9037K, committed 9664K, reserved 1048576K
}
Event: 1936.236 GC heap before
{Heap before GC invocations=214 (full 3):
 PSYoungGen      total 18432K, used 18426K [0x00000000d5580000, 0x00000000d7300000, 0x0000000100000000)
  eden space 17408K, 100% used [0x00000000d5580000,0x00000000d6680000,0x00000000d6680000)
  from space 1024K, 99% used [0x00000000d6c80000,0x00000000d6d7e9c0,0x00000000d6d80000)
  to   space 6144K, 0% used [0x00000000d6680000,0x00000000d6680000,0x00000000d6c80000)
 ParOldGen       total 73216K, used 73018K [0x0000000080000000, 0x0000000084780000, 0x00000000d5580000)
  object space 73216K, 99% used [0x0000000080000000,0x000000008474e948,0x0000000084780000)
 Metaspace       used 74326K, committed 75840K, reserved 1179648K
  class space    used 9037K, committed 9664K, reserved 1048576K
}
Event: 1936.237 GC heap after
{Heap after GC invocations=214 (full 3):
 PSYoungGen      total 18432K, used 856K [0x00000000d5580000, 0x00000000d6d00000, 0x0000000100000000)
  eden space 17408K, 0% used [0x00000000d5580000,0x00000000d5580000,0x00000000d6680000)
  from space 1024K, 83% used [0x00000000d6680000,0x00000000d6756270,0x00000000d6780000)
  to   space 2560K, 0% used [0x00000000d6a80000,0x00000000d6a80000,0x00000000d6d00000)
 ParOldGen       total 73216K, used 73074K [0x0000000080000000, 0x0000000084780000, 0x00000000d5580000)
  object space 73216K, 99% used [0x0000000080000000,0x000000008475c948,0x0000000084780000)
 Metaspace       used 74326K, committed 75840K, reserved 1179648K
  class space    used 9037K, committed 9664K, reserved 1048576K
}
Event: 1946.001 GC heap before
{Heap before GC invocations=215 (full 3):
 PSYoungGen      total 18432K, used 18264K [0x00000000d5580000, 0x00000000d6d00000, 0x0000000100000000)
  eden space 17408K, 100% used [0x00000000d5580000,0x00000000d6680000,0x00000000d6680000)
  from space 1024K, 83% used [0x00000000d6680000,0x00000000d6756270,0x00000000d6780000)
  to   space 2560K, 0% used [0x00000000d6a80000,0x00000000d6a80000,0x00000000d6d00000)
 ParOldGen       total 73216K, used 73074K [0x0000000080000000, 0x0000000084780000, 0x00000000d5580000)
  object space 73216K, 99% used [0x0000000080000000,0x000000008475c948,0x0000000084780000)
 Metaspace       used 74421K, committed 75904K, reserved 1179648K
  class space    used 9040K, committed 9664K, reserved 1048576K
}
Event: 1946.003 GC heap after
{Heap after GC invocations=215 (full 3):
 PSYoungGen      total 19968K, used 2552K [0x00000000d5580000, 0x00000000d6d00000, 0x0000000100000000)
  eden space 17408K, 0% used [0x00000000d5580000,0x00000000d5580000,0x00000000d6680000)
  from space 2560K, 99% used [0x00000000d6a80000,0x00000000d6cfe270,0x00000000d6d00000)
  to   space 3072K, 0% used [0x00000000d6700000,0x00000000d6700000,0x00000000d6a00000)
 ParOldGen       total 73216K, used 73138K [0x0000000080000000, 0x0000000084780000, 0x00000000d5580000)
  object space 73216K, 99% used [0x0000000080000000,0x000000008476c948,0x0000000084780000)
 Metaspace       used 74421K, committed 75904K, reserved 1179648K
  class space    used 9040K, committed 9664K, reserved 1048576K
}
Event: 1950.153 GC heap before
{Heap before GC invocations=216 (full 3):
 PSYoungGen      total 19968K, used 19960K [0x00000000d5580000, 0x00000000d6d00000, 0x0000000100000000)
  eden space 17408K, 99% used [0x00000000d5580000,0x00000000d667fff8,0x00000000d6680000)
  from space 2560K, 99% used [0x00000000d6a80000,0x00000000d6cfe270,0x00000000d6d00000)
  to   space 3072K, 0% used [0x00000000d6700000,0x00000000d6700000,0x00000000d6a00000)
 ParOldGen       total 73216K, used 73138K [0x0000000080000000, 0x0000000084780000, 0x00000000d5580000)
  object space 73216K, 99% used [0x0000000080000000,0x000000008476c948,0x0000000084780000)
 Metaspace       used 74472K, committed 76032K, reserved 1179648K
  class space    used 9040K, committed 9664K, reserved 1048576K
}
Event: 1950.155 GC heap after
{Heap after GC invocations=216 (full 3):
 PSYoungGen      total 17920K, used 464K [0x00000000d5580000, 0x00000000d6b00000, 0x0000000100000000)
  eden space 17408K, 0% used [0x00000000d5580000,0x00000000d5580000,0x00000000d6680000)
  from space 512K, 90% used [0x00000000d6700000,0x00000000d6774010,0x00000000d6780000)
  to   space 1536K, 0% used [0x00000000d6980000,0x00000000d6980000,0x00000000d6b00000)
 ParOldGen       total 73728K, used 73234K [0x0000000080000000, 0x0000000084800000, 0x00000000d5580000)
  object space 73728K, 99% used [0x0000000080000000,0x0000000084784948,0x0000000084800000)
 Metaspace       used 74472K, committed 76032K, reserved 1179648K
  class space    used 9040K, committed 9664K, reserved 1048576K
}
Event: 1954.511 GC heap before
{Heap before GC invocations=217 (full 3):
 PSYoungGen      total 17920K, used 17872K [0x00000000d5580000, 0x00000000d6b00000, 0x0000000100000000)
  eden space 17408K, 100% used [0x00000000d5580000,0x00000000d6680000,0x00000000d6680000)
  from space 512K, 90% used [0x00000000d6700000,0x00000000d6774010,0x00000000d6780000)
  to   space 1536K, 0% used [0x00000000d6980000,0x00000000d6980000,0x00000000d6b00000)
 ParOldGen       total 73728K, used 73234K [0x0000000080000000, 0x0000000084800000, 0x00000000d5580000)
  object space 73728K, 99% used [0x0000000080000000,0x0000000084784948,0x0000000084800000)
 Metaspace       used 74563K, committed 76096K, reserved 1179648K
  class space    used 9040K, committed 9664K, reserved 1048576K
}
Event: 1954.512 GC heap after
{Heap after GC invocations=217 (full 3):
 PSYoungGen      total 17920K, used 272K [0x00000000d5580000, 0x00000000d6a00000, 0x0000000100000000)
  eden space 17408K, 0% used [0x00000000d5580000,0x00000000d5580000,0x00000000d6680000)
  from space 512K, 53% used [0x00000000d6980000,0x00000000d69c4010,0x00000000d6a00000)
  to   space 512K, 0% used [0x00000000d6700000,0x00000000d6700000,0x00000000d6780000)
 ParOldGen       total 73728K, used 73306K [0x0000000080000000, 0x0000000084800000, 0x00000000d5580000)
  object space 73728K, 99% used [0x0000000080000000,0x0000000084796948,0x0000000084800000)
 Metaspace       used 74563K, committed 76096K, reserved 1179648K
  class space    used 9040K, committed 9664K, reserved 1048576K
}
Event: 1958.076 GC heap before
{Heap before GC invocations=218 (full 3):
 PSYoungGen      total 17920K, used 17680K [0x00000000d5580000, 0x00000000d6a00000, 0x0000000100000000)
  eden space 17408K, 100% used [0x00000000d5580000,0x00000000d6680000,0x00000000d6680000)
  from space 512K, 53% used [0x00000000d6980000,0x00000000d69c4010,0x00000000d6a00000)
  to   space 512K, 0% used [0x00000000d6700000,0x00000000d6700000,0x00000000d6780000)
 ParOldGen       total 73728K, used 73306K [0x0000000080000000, 0x0000000084800000, 0x00000000d5580000)
  object space 73728K, 99% used [0x0000000080000000,0x0000000084796948,0x0000000084800000)
 Metaspace       used 74604K, committed 76096K, reserved 1179648K
  class space    used 9041K, committed 9664K, reserved 1048576K
}
Event: 1958.078 GC heap after
{Heap after GC invocations=218 (full 3):
 PSYoungGen      total 17920K, used 485K [0x00000000d5580000, 0x00000000d6e80000, 0x0000000100000000)
  eden space 17408K, 0% used [0x00000000d5580000,0x00000000d5580000,0x00000000d6680000)
  from space 512K, 94% used [0x00000000d6700000,0x00000000d67794d8,0x00000000d6780000)
  to   space 4096K, 0% used [0x00000000d6a80000,0x00000000d6a80000,0x00000000d6e80000)
 ParOldGen       total 76288K, used 75951K [0x0000000080000000, 0x0000000084a80000, 0x00000000d5580000)
  object space 76288K, 99% used [0x0000000080000000,0x0000000084a2be20,0x0000000084a80000)
 Metaspace       used 74604K, committed 76096K, reserved 1179648K
  class space    used 9041K, committed 9664K, reserved 1048576K
}

