# JRE version: OpenJDK Runtime Environment Temurin-21.0.10+7 (21.0.10+7) (build 21.0.10+7-LTS)
# Java VM: OpenJDK 64-Bit Server VM Temurin-21.0.10+7 (21.0.10+7-LTS, mixed mode, sharing, tiered, compressed oops, compressed class ptrs, parallel gc, windows-amd64)
GC Precious Log:
 CardTable entry size: 512
 CPUs: 8 total, 8 available
 Memory: 16197M
 Large Page Support: Disabled
 NUMA Support: Disabled
 Compressed Oops: Enabled (32-bit)
 Alignments: Space 512K, Generation 512K, Heap 2M
 Heap Min Capacity: 100M
 Heap Initial Capacity: 100M
 Heap Max Capacity: 2G
 Pre-touch: Disabled
 Parallel Workers: 8
Heap:
 PSYoungGen      total 15872K, used 13277K [0x00000000d5580000, 0x00000000d6680000, 0x0000000100000000)
  eden space 14336K, 85% used [0x00000000d5580000,0x00000000d616f6d0,0x00000000d6380000)
  from space 1536K, 68% used [0x00000000d6500000,0x00000000d6608010,0x00000000d6680000)
  to   space 1536K, 0% used [0x00000000d6380000,0x00000000d6380000,0x00000000d6500000)
 ParOldGen       total 68608K, used 50225K [0x0000000080000000, 0x0000000084300000, 0x00000000d5580000)
  object space 68608K, 73% used [0x0000000080000000,0x000000008310c678,0x0000000084300000)
 Metaspace       used 60150K, committed 61568K, reserved 1114112K
  class space    used 7083K, committed 7744K, reserved 1048576K
GC Heap History (20 events):
Event: 33.788 GC heap before
{Heap before GC invocations=32 (full 2):
 PSYoungGen      total 15872K, used 15840K [0x00000000d5580000, 0x00000000d6980000, 0x0000000100000000)
  eden space 14336K, 100% used [0x00000000d5580000,0x00000000d6380000,0x00000000d6380000)
  from space 1536K, 97% used [0x00000000d6680000,0x00000000d67f8030,0x00000000d6800000)
  to   space 1536K, 0% used [0x00000000d6800000,0x00000000d6800000,0x00000000d6980000)
 ParOldGen       total 68608K, used 39819K [0x0000000080000000, 0x0000000084300000, 0x00000000d5580000)
  object space 68608K, 58% used [0x0000000080000000,0x00000000826e2ee0,0x0000000084300000)
 Metaspace       used 57162K, committed 58624K, reserved 1114112K
  class space    used 6717K, committed 7360K, reserved 1048576K
}
Event: 33.791 GC heap after
{Heap after GC invocations=32 (full 2):
 PSYoungGen      total 15872K, used 1521K [0x00000000d5580000, 0x00000000d6a80000, 0x0000000100000000)
  eden space 14336K, 0% used [0x00000000d5580000,0x00000000d5580000,0x00000000d6380000)
  from space 1536K, 99% used [0x00000000d6800000,0x00000000d697c410,0x00000000d6980000)
  to   space 3584K, 0% used [0x00000000d6380000,0x00000000d6380000,0x00000000d6700000)
 ParOldGen       total 68608K, used 41339K [0x0000000080000000, 0x0000000084300000, 0x00000000d5580000)
  object space 68608K, 60% used [0x0000000080000000,0x000000008285ef30,0x0000000084300000)
 Metaspace       used 57162K, committed 58624K, reserved 1114112K
  class space    used 6717K, committed 7360K, reserved 1048576K
}
Event: 33.819 GC heap before
{Heap before GC invocations=33 (full 2):
 PSYoungGen      total 15872K, used 15857K [0x00000000d5580000, 0x00000000d6a80000, 0x0000000100000000)
  eden space 14336K, 100% used [0x00000000d5580000,0x00000000d6380000,0x00000000d6380000)
  from space 1536K, 99% used [0x00000000d6800000,0x00000000d697c410,0x00000000d6980000)
  to   space 3584K, 0% used [0x00000000d6380000,0x00000000d6380000,0x00000000d6700000)
 ParOldGen       total 68608K, used 41339K [0x0000000080000000, 0x0000000084300000, 0x00000000d5580000)
  object space 68608K, 60% used [0x0000000080000000,0x000000008285ef30,0x0000000084300000)
 Metaspace       used 57260K, committed 58688K, reserved 1114112K
  class space    used 6735K, committed 7360K, reserved 1048576K
}
Event: 33.822 GC heap after
{Heap after GC invocations=33 (full 2):
 PSYoungGen      total 16384K, used 1760K [0x00000000d5580000, 0x00000000d6880000, 0x0000000100000000)
  eden space 14336K, 0% used [0x00000000d5580000,0x00000000d5580000,0x00000000d6380000)
  from space 2048K, 85% used [0x00000000d6380000,0x00000000d6538030,0x00000000d6580000)
  to   space 2560K, 0% used [0x00000000d6600000,0x00000000d6600000,0x00000000d6880000)
 ParOldGen       total 68608K, used 42827K [0x0000000080000000, 0x0000000084300000, 0x00000000d5580000)
  object space 68608K, 62% used [0x0000000080000000,0x00000000829d2d00,0x0000000084300000)
 Metaspace       used 57260K, committed 58688K, reserved 1114112K
  class space    used 6735K, committed 7360K, reserved 1048576K
}
Event: 33.846 GC heap before
{Heap before GC invocations=34 (full 2):
 PSYoungGen      total 16384K, used 16096K [0x00000000d5580000, 0x00000000d6880000, 0x0000000100000000)
  eden space 14336K, 100% used [0x00000000d5580000,0x00000000d6380000,0x00000000d6380000)
  from space 2048K, 85% used [0x00000000d6380000,0x00000000d6538030,0x00000000d6580000)
  to   space 2560K, 0% used [0x00000000d6600000,0x00000000d6600000,0x00000000d6880000)
 ParOldGen       total 68608K, used 42827K [0x0000000080000000, 0x0000000084300000, 0x00000000d5580000)
  object space 68608K, 62% used [0x0000000080000000,0x00000000829d2d00,0x0000000084300000)
 Metaspace       used 57281K, committed 58688K, reserved 1114112K
  class space    used 6735K, committed 7360K, reserved 1048576K
}
Event: 33.848 GC heap after
{Heap after GC invocations=34 (full 2):
 PSYoungGen      total 16384K, used 1858K [0x00000000d5580000, 0x00000000d6800000, 0x0000000100000000)
  eden space 14336K, 0% used [0x00000000d5580000,0x00000000d5580000,0x00000000d6380000)
  from space 2048K, 90% used [0x00000000d6600000,0x00000000d67d0800,0x00000000d6800000)
  to   space 2048K, 0% used [0x00000000d6380000,0x00000000d6380000,0x00000000d6580000)
 ParOldGen       total 68608K, used 44427K [0x0000000080000000, 0x0000000084300000, 0x00000000d5580000)
  object space 68608K, 64% used [0x0000000080000000,0x0000000082b62d30,0x0000000084300000)
 Metaspace       used 57281K, committed 58688K, reserved 1114112K
  class space    used 6735K, committed 7360K, reserved 1048576K
}
Event: 33.863 GC heap before
{Heap before GC invocations=35 (full 2):
 PSYoungGen      total 16384K, used 16194K [0x00000000d5580000, 0x00000000d6800000, 0x0000000100000000)
  eden space 14336K, 100% used [0x00000000d5580000,0x00000000d6380000,0x00000000d6380000)
  from space 2048K, 90% used [0x00000000d6600000,0x00000000d67d0800,0x00000000d6800000)
  to   space 2048K, 0% used [0x00000000d6380000,0x00000000d6380000,0x00000000d6580000)
 ParOldGen       total 68608K, used 44427K [0x0000000080000000, 0x0000000084300000, 0x00000000d5580000)
  object space 68608K, 64% used [0x0000000080000000,0x0000000082b62d30,0x0000000084300000)
 Metaspace       used 57290K, committed 58752K, reserved 1114112K
  class space    used 6736K, committed 7360K, reserved 1048576K
}
Event: 33.866 GC heap after
{Heap after GC invocations=35 (full 2):
 PSYoungGen      total 16384K, used 1668K [0x00000000d5580000, 0x00000000d6780000, 0x0000000100000000)
  eden space 14336K, 0% used [0x00000000d5580000,0x00000000d5580000,0x00000000d6380000)
  from space 2048K, 81% used [0x00000000d6380000,0x00000000d6521000,0x00000000d6580000)
  to   space 2048K, 0% used [0x00000000d6580000,0x00000000d6580000,0x00000000d6780000)
 ParOldGen       total 68608K, used 46048K [0x0000000080000000, 0x0000000084300000, 0x00000000d5580000)
  object space 68608K, 67% used [0x0000000080000000,0x0000000082cf8090,0x0000000084300000)
 Metaspace       used 57290K, committed 58752K, reserved 1114112K
  class space    used 6736K, committed 7360K, reserved 1048576K
}
Event: 33.889 GC heap before
{Heap before GC invocations=36 (full 2):
 PSYoungGen      total 16384K, used 16004K [0x00000000d5580000, 0x00000000d6780000, 0x0000000100000000)
  eden space 14336K, 100% used [0x00000000d5580000,0x00000000d6380000,0x00000000d6380000)
  from space 2048K, 81% used [0x00000000d6380000,0x00000000d6521000,0x00000000d6580000)
  to   space 2048K, 0% used [0x00000000d6580000,0x00000000d6580000,0x00000000d6780000)
 ParOldGen       total 68608K, used 46048K [0x0000000080000000, 0x0000000084300000, 0x00000000d5580000)
  object space 68608K, 67% used [0x0000000080000000,0x0000000082cf8090,0x0000000084300000)
 Metaspace       used 57300K, committed 58752K, reserved 1114112K
  class space    used 6736K, committed 7360K, reserved 1048576K
}
Event: 33.892 GC heap after
{Heap after GC invocations=36 (full 2):
 PSYoungGen      total 16384K, used 1568K [0x00000000d5580000, 0x00000000d6780000, 0x0000000100000000)
  eden space 14336K, 0% used [0x00000000d5580000,0x00000000d5580000,0x00000000d6380000)
  from space 2048K, 76% used [0x00000000d6580000,0x00000000d6708000,0x00000000d6780000)
  to   space 2048K, 0% used [0x00000000d6380000,0x00000000d6380000,0x00000000d6580000)
 ParOldGen       total 68608K, used 47613K [0x0000000080000000, 0x0000000084300000, 0x00000000d5580000)
  object space 68608K, 69% used [0x0000000080000000,0x0000000082e7f6b8,0x0000000084300000)
 Metaspace       used 57300K, committed 58752K, reserved 1114112K
  class space    used 6736K, committed 7360K, reserved 1048576K
}
Event: 33.921 GC heap before
{Heap before GC invocations=37 (full 2):
 PSYoungGen      total 16384K, used 15904K [0x00000000d5580000, 0x00000000d6780000, 0x0000000100000000)
  eden space 14336K, 100% used [0x00000000d5580000,0x00000000d6380000,0x00000000d6380000)
  from space 2048K, 76% used [0x00000000d6580000,0x00000000d6708000,0x00000000d6780000)
  to   space 2048K, 0% used [0x00000000d6380000,0x00000000d6380000,0x00000000d6580000)
 ParOldGen       total 68608K, used 47613K [0x0000000080000000, 0x0000000084300000, 0x00000000d5580000)
  object space 68608K, 69% used [0x0000000080000000,0x0000000082e7f6b8,0x0000000084300000)
 Metaspace       used 57348K, committed 58752K, reserved 1114112K
  class space    used 6736K, committed 7360K, reserved 1048576K
}
Event: 33.924 GC heap after
{Heap after GC invocations=37 (full 2):
 PSYoungGen      total 16384K, used 1664K [0x00000000d5580000, 0x00000000d6780000, 0x0000000100000000)
  eden space 14336K, 0% used [0x00000000d5580000,0x00000000d5580000,0x00000000d6380000)
  from space 2048K, 81% used [0x00000000d6380000,0x00000000d6520010,0x00000000d6580000)
  to   space 2048K, 0% used [0x00000000d6580000,0x00000000d6580000,0x00000000d6780000)
 ParOldGen       total 68608K, used 49085K [0x0000000080000000, 0x0000000084300000, 0x00000000d5580000)
  object space 68608K, 71% used [0x0000000080000000,0x0000000082fef6b8,0x0000000084300000)
 Metaspace       used 57348K, committed 58752K, reserved 1114112K
  class space    used 6736K, committed 7360K, reserved 1048576K
}
Event: 33.948 GC heap before
{Heap before GC invocations=38 (full 2):
 PSYoungGen      total 16384K, used 16000K [0x00000000d5580000, 0x00000000d6780000, 0x0000000100000000)
  eden space 14336K, 100% used [0x00000000d5580000,0x00000000d6380000,0x00000000d6380000)
  from space 2048K, 81% used [0x00000000d6380000,0x00000000d6520010,0x00000000d6580000)
  to   space 2048K, 0% used [0x00000000d6580000,0x00000000d6580000,0x00000000d6780000)
 ParOldGen       total 68608K, used 49085K [0x0000000080000000, 0x0000000084300000, 0x00000000d5580000)
  object space 68608K, 71% used [0x0000000080000000,0x0000000082fef6b8,0x0000000084300000)
 Metaspace       used 57382K, committed 58752K, reserved 1114112K
  class space    used 6736K, committed 7360K, reserved 1048576K
}
Event: 33.950 GC heap after
{Heap after GC invocations=38 (full 2):
 PSYoungGen      total 16384K, used 1528K [0x00000000d5580000, 0x00000000d6780000, 0x0000000100000000)
  eden space 14336K, 0% used [0x00000000d5580000,0x00000000d5580000,0x00000000d6380000)
  from space 2048K, 74% used [0x00000000d6580000,0x00000000d66fe200,0x00000000d6780000)
  to   space 2048K, 0% used [0x00000000d6380000,0x00000000d6380000,0x00000000d6580000)
 ParOldGen       total 68608K, used 50677K [0x0000000080000000, 0x0000000084300000, 0x00000000d5580000)
  object space 68608K, 73% used [0x0000000080000000,0x000000008317d6c8,0x0000000084300000)
 Metaspace       used 57382K, committed 58752K, reserved 1114112K
  class space    used 6736K, committed 7360K, reserved 1048576K
}
Event: 34.058 GC heap before
{Heap before GC invocations=39 (full 2):
 PSYoungGen      total 16384K, used 14790K [0x00000000d5580000, 0x00000000d6780000, 0x0000000100000000)
  eden space 14336K, 92% used [0x00000000d5580000,0x00000000d6273670,0x00000000d6380000)
  from space 2048K, 74% used [0x00000000d6580000,0x00000000d66fe200,0x00000000d6780000)
  to   space 2048K, 0% used [0x00000000d6380000,0x00000000d6380000,0x00000000d6580000)
 ParOldGen       total 68608K, used 50677K [0x0000000080000000, 0x0000000084300000, 0x00000000d5580000)
  object space 68608K, 73% used [0x0000000080000000,0x000000008317d6c8,0x0000000084300000)
 Metaspace       used 58402K, committed 59776K, reserved 1114112K
  class space    used 6875K, committed 7488K, reserved 1048576K
}
Event: 34.060 GC heap after
{Heap after GC invocations=39 (full 2):
 PSYoungGen      total 15360K, used 896K [0x00000000d5580000, 0x00000000d6680000, 0x0000000100000000)
  eden space 14336K, 0% used [0x00000000d5580000,0x00000000d5580000,0x00000000d6380000)
  from space 1024K, 87% used [0x00000000d6380000,0x00000000d6460020,0x00000000d6480000)
  to   space 1536K, 0% used [0x00000000d6500000,0x00000000d6500000,0x00000000d6680000)
 ParOldGen       total 68608K, used 52062K [0x0000000080000000, 0x0000000084300000, 0x00000000d5580000)
  object space 68608K, 75% used [0x0000000080000000,0x00000000832d78c8,0x0000000084300000)
 Metaspace       used 58402K, committed 59776K, reserved 1114112K
  class space    used 6875K, committed 7488K, reserved 1048576K
}
Event: 34.060 GC heap before
{Heap before GC invocations=40 (full 3):
 PSYoungGen      total 15360K, used 896K [0x00000000d5580000, 0x00000000d6680000, 0x0000000100000000)
  eden space 14336K, 0% used [0x00000000d5580000,0x00000000d5580000,0x00000000d6380000)
  from space 1024K, 87% used [0x00000000d6380000,0x00000000d6460020,0x00000000d6480000)
  to   space 1536K, 0% used [0x00000000d6500000,0x00000000d6500000,0x00000000d6680000)
 ParOldGen       total 68608K, used 52062K [0x0000000080000000, 0x0000000084300000, 0x00000000d5580000)
  object space 68608K, 75% used [0x0000000080000000,0x00000000832d78c8,0x0000000084300000)
 Metaspace       used 58402K, committed 59776K, reserved 1114112K
  class space    used 6875K, committed 7488K, reserved 1048576K
}
Event: 34.107 GC heap after
{Heap after GC invocations=40 (full 3):
 PSYoungGen      total 15360K, used 0K [0x00000000d5580000, 0x00000000d6680000, 0x0000000100000000)
  eden space 14336K, 0% used [0x00000000d5580000,0x00000000d5580000,0x00000000d6380000)
  from space 1024K, 0% used [0x00000000d6380000,0x00000000d6380000,0x00000000d6480000)
  to   space 1536K, 0% used [0x00000000d6500000,0x00000000d6500000,0x00000000d6680000)
 ParOldGen       total 68608K, used 50217K [0x0000000080000000, 0x0000000084300000, 0x00000000d5580000)
  object space 68608K, 73% used [0x0000000080000000,0x000000008310a678,0x0000000084300000)
 Metaspace       used 58390K, committed 59776K, reserved 1114112K
  class space    used 6872K, committed 7488K, reserved 1048576K
}
Event: 37.361 GC heap before
{Heap before GC invocations=41 (full 3):
 PSYoungGen      total 15360K, used 14336K [0x00000000d5580000, 0x00000000d6680000, 0x0000000100000000)
  eden space 14336K, 100% used [0x00000000d5580000,0x00000000d6380000,0x00000000d6380000)
  from space 1024K, 0% used [0x00000000d6380000,0x00000000d6380000,0x00000000d6480000)
  to   space 1536K, 0% used [0x00000000d6500000,0x00000000d6500000,0x00000000d6680000)
 ParOldGen       total 68608K, used 50217K [0x0000000080000000, 0x0000000084300000, 0x00000000d5580000)
  object space 68608K, 73% used [0x0000000080000000,0x000000008310a678,0x0000000084300000)
 Metaspace       used 59752K, committed 61248K, reserved 1114112K
  class space    used 7049K, committed 7744K, reserved 1048576K
}
Event: 37.362 GC heap after
{Heap after GC invocations=41 (full 3):
 PSYoungGen      total 15872K, used 1056K [0x00000000d5580000, 0x00000000d6680000, 0x0000000100000000)
  eden space 14336K, 0% used [0x00000000d5580000,0x00000000d5580000,0x00000000d6380000)
  from space 1536K, 68% used [0x00000000d6500000,0x00000000d6608010,0x00000000d6680000)
  to   space 1536K, 0% used [0x00000000d6380000,0x00000000d6380000,0x00000000d6500000)
 ParOldGen       total 68608K, used 50225K [0x0000000080000000, 0x0000000084300000, 0x00000000d5580000)
  object space 68608K, 73% used [0x0000000080000000,0x000000008310c678,0x0000000084300000)
 Metaspace       used 59752K, committed 61248K, reserved 1114112K
  class space    used 7049K, committed 7744K, reserved 1048576K
}

