# JRE version: Java(TM) SE Runtime Environment (17.0.12+8) (build 17.0.12+8-LTS-286)
# Java VM: Java HotSpot(TM) 64-Bit Server VM (17.0.12+8-LTS-286, mixed mode, sharing, tiered, compressed oops, compressed class ptrs, g1 gc, windows-amd64)
GC Precious Log:
 CPUs: 8 total, 8 available
 Memory: 16197M
 Large Page Support: Disabled
 NUMA Support: Disabled
 Compressed Oops: Enabled (Zero based)
 Heap Region Size: 4M
 Heap Min Capacity: 8M
 Heap Initial Capacity: 256M
 Heap Max Capacity: 8G
 Pre-touch: Disabled
 Parallel Workers: 8
 Concurrent Workers: 2
 Concurrent Refinement Workers: 8
 Periodic GC: Disabled
Heap:
 garbage-first heap   total 159744K, used 76721K [0x0000000600000000, 0x0000000800000000)
  region size 4096K, 3 young (12288K), 1 survivors (4096K)
 Metaspace       used 74155K, committed 75200K, reserved 1114112K
  class space    used 10700K, committed 11200K, reserved 1048576K
GC Heap History (20 events):
Event: 16.161 GC heap before
{Heap before GC invocations=22 (full 0):
 garbage-first heap   total 102400K, used 74698K [0x0000000600000000, 0x0000000800000000)
  region size 4096K, 6 young (24576K), 1 survivors (4096K)
 Metaspace       used 58043K, committed 58944K, reserved 1114112K
  class space    used 8327K, committed 8768K, reserved 1048576K
}
Event: 16.164 GC heap after
{Heap after GC invocations=23 (full 0):
 garbage-first heap   total 102400K, used 55175K [0x0000000600000000, 0x0000000800000000)
  region size 4096K, 1 young (4096K), 1 survivors (4096K)
 Metaspace       used 58043K, committed 58944K, reserved 1114112K
  class space    used 8327K, committed 8768K, reserved 1048576K
}
Event: 16.488 GC heap before
{Heap before GC invocations=24 (full 0):
 garbage-first heap   total 110592K, used 75655K [0x0000000600000000, 0x0000000800000000)
  region size 4096K, 6 young (24576K), 1 survivors (4096K)
 Metaspace       used 59341K, committed 60224K, reserved 1114112K
  class space    used 8519K, committed 8960K, reserved 1048576K
}
Event: 16.490 GC heap after
{Heap after GC invocations=25 (full 0):
 garbage-first heap   total 110592K, used 55710K [0x0000000600000000, 0x0000000800000000)
  region size 4096K, 1 young (4096K), 1 survivors (4096K)
 Metaspace       used 59341K, committed 60224K, reserved 1114112K
  class space    used 8519K, committed 8960K, reserved 1048576K
}
Event: 16.884 GC heap before
{Heap before GC invocations=25 (full 0):
 garbage-first heap   total 110592K, used 84382K [0x0000000600000000, 0x0000000800000000)
  region size 4096K, 8 young (32768K), 1 survivors (4096K)
 Metaspace       used 61081K, committed 61888K, reserved 1114112K
  class space    used 8754K, committed 9152K, reserved 1048576K
}
Event: 16.887 GC heap after
{Heap after GC invocations=26 (full 0):
 garbage-first heap   total 110592K, used 56436K [0x0000000600000000, 0x0000000800000000)
  region size 4096K, 1 young (4096K), 1 survivors (4096K)
 Metaspace       used 61081K, committed 61888K, reserved 1114112K
  class space    used 8754K, committed 9152K, reserved 1048576K
}
Event: 17.380 GC heap before
{Heap before GC invocations=27 (full 0):
 garbage-first heap   total 110592K, used 85108K [0x0000000600000000, 0x0000000800000000)
  region size 4096K, 8 young (32768K), 1 survivors (4096K)
 Metaspace       used 62774K, committed 63680K, reserved 1114112K
  class space    used 9008K, committed 9408K, reserved 1048576K
}
Event: 17.383 GC heap after
{Heap after GC invocations=28 (full 0):
 garbage-first heap   total 110592K, used 57499K [0x0000000600000000, 0x0000000800000000)
  region size 4096K, 1 young (4096K), 1 survivors (4096K)
 Metaspace       used 62774K, committed 63680K, reserved 1114112K
  class space    used 9008K, committed 9408K, reserved 1048576K
}
Event: 17.920 GC heap before
{Heap before GC invocations=28 (full 0):
 garbage-first heap   total 110592K, used 86171K [0x0000000600000000, 0x0000000800000000)
  region size 4096K, 8 young (32768K), 1 survivors (4096K)
 Metaspace       used 64533K, committed 65408K, reserved 1114112K
  class space    used 9246K, committed 9664K, reserved 1048576K
}
Event: 17.924 GC heap after
{Heap after GC invocations=29 (full 0):
 garbage-first heap   total 110592K, used 60199K [0x0000000600000000, 0x0000000800000000)
  region size 4096K, 1 young (4096K), 1 survivors (4096K)
 Metaspace       used 64533K, committed 65408K, reserved 1114112K
  class space    used 9246K, committed 9664K, reserved 1048576K
}
Event: 18.457 GC heap before
{Heap before GC invocations=30 (full 0):
 garbage-first heap   total 110592K, used 88871K [0x0000000600000000, 0x0000000800000000)
  region size 4096K, 8 young (32768K), 1 survivors (4096K)
 Metaspace       used 66125K, committed 67072K, reserved 1114112K
  class space    used 9481K, committed 9920K, reserved 1048576K
}
Event: 18.461 GC heap after
{Heap after GC invocations=31 (full 0):
 garbage-first heap   total 110592K, used 62629K [0x0000000600000000, 0x0000000800000000)
  region size 4096K, 1 young (4096K), 1 survivors (4096K)
 Metaspace       used 66125K, committed 67072K, reserved 1114112K
  class space    used 9481K, committed 9920K, reserved 1048576K
}
Event: 19.225 GC heap before
{Heap before GC invocations=31 (full 0):
 garbage-first heap   total 110592K, used 87205K [0x0000000600000000, 0x0000000800000000)
  region size 4096K, 7 young (28672K), 1 survivors (4096K)
 Metaspace       used 67394K, committed 68352K, reserved 1114112K
  class space    used 9706K, committed 10176K, reserved 1048576K
}
Event: 19.229 GC heap after
{Heap after GC invocations=32 (full 0):
 garbage-first heap   total 110592K, used 64862K [0x0000000600000000, 0x0000000800000000)
  region size 4096K, 1 young (4096K), 1 survivors (4096K)
 Metaspace       used 67394K, committed 68352K, reserved 1114112K
  class space    used 9706K, committed 10176K, reserved 1048576K
}
Event: 19.756 GC heap before
{Heap before GC invocations=33 (full 0):
 garbage-first heap   total 122880K, used 85342K [0x0000000600000000, 0x0000000800000000)
  region size 4096K, 6 young (24576K), 1 survivors (4096K)
 Metaspace       used 68959K, committed 69952K, reserved 1114112K
  class space    used 9987K, committed 10432K, reserved 1048576K
}
Event: 19.760 GC heap after
{Heap after GC invocations=34 (full 0):
 garbage-first heap   total 122880K, used 67073K [0x0000000600000000, 0x0000000800000000)
  region size 4096K, 1 young (4096K), 1 survivors (4096K)
 Metaspace       used 68959K, committed 69952K, reserved 1114112K
  class space    used 9987K, committed 10432K, reserved 1048576K
}
Event: 20.278 GC heap before
{Heap before GC invocations=34 (full 0):
 garbage-first heap   total 122880K, used 95745K [0x0000000600000000, 0x0000000800000000)
  region size 4096K, 8 young (32768K), 1 survivors (4096K)
 Metaspace       used 70563K, committed 71488K, reserved 1114112K
  class space    used 10209K, committed 10624K, reserved 1048576K
}
Event: 20.282 GC heap after
{Heap after GC invocations=35 (full 0):
 garbage-first heap   total 122880K, used 69961K [0x0000000600000000, 0x0000000800000000)
  region size 4096K, 1 young (4096K), 1 survivors (4096K)
 Metaspace       used 70563K, committed 71488K, reserved 1114112K
  class space    used 10209K, committed 10624K, reserved 1048576K
}
Event: 20.739 GC heap before
{Heap before GC invocations=36 (full 0):
 garbage-first heap   total 131072K, used 90441K [0x0000000600000000, 0x0000000800000000)
  region size 4096K, 7 young (28672K), 1 survivors (4096K)
 Metaspace       used 73011K, committed 73984K, reserved 1114112K
  class space    used 10518K, committed 11008K, reserved 1048576K
}
Event: 20.744 GC heap after
{Heap after GC invocations=37 (full 0):
 garbage-first heap   total 159744K, used 72625K [0x0000000600000000, 0x0000000800000000)
  region size 4096K, 1 young (4096K), 1 survivors (4096K)
 Metaspace       used 73011K, committed 73984K, reserved 1114112K
  class space    used 10518K, committed 11008K, reserved 1048576K
}

