# JRE version: OpenJDK Runtime Environment Temurin-21.0.11+10 (21.0.11+10) (build 21.0.11+10-LTS)
# Java VM: OpenJDK 64-Bit Server VM Temurin-21.0.11+10 (21.0.11+10-LTS, mixed mode, sharing, tiered, compressed oops, compressed class ptrs, parallel gc, windows-amd64)
GC Precious Log:
 CardTable entry size: 512
 CPUs: 8 total, 8 available
 Memory: 16197M
 Large Page Support: Disabled
 NUMA Support: Disabled
 Compressed Oops: Enabled (32-bit)
 Alignments: Space 512K, Generation 512K, Heap 2M
 Heap Min Capacity: 100M
 Heap Initial Capacity: 100M
 Heap Max Capacity: 2G
 Pre-touch: Disabled
 Parallel Workers: 8
Heap:
 PSYoungGen      total 6144K, used 3029K [0x00000000d5580000, 0x00000000d5e80000, 0x0000000100000000)
  eden space 3072K, 15% used [0x00000000d5580000,0x00000000d55f34e8,0x00000000d5880000)
  from space 3072K, 83% used [0x00000000d5b80000,0x00000000d5e02000,0x00000000d5e80000)
  to   space 3072K, 0% used [0x00000000d5880000,0x00000000d5880000,0x00000000d5b80000)
 ParOldGen       total 591872K, used 591577K [0x0000000080000000, 0x00000000a4200000, 0x00000000d5580000)
  object space 591872K, 99% used [0x0000000080000000,0x00000000a41b6518,0x00000000a4200000)
 Metaspace       used 99317K, committed 100992K, reserved 1179648K
  class space    used 11674K, committed 12480K, reserved 1048576K
GC Heap History (20 events):
Event: 7816.056 GC heap before
{Heap before GC invocations=795 (full 4):
 PSYoungGen      total 6144K, used 5444K [0x00000000d5580000, 0x00000000d5e80000, 0x0000000100000000)
  eden space 3072K, 100% used [0x00000000d5580000,0x00000000d5880000,0x00000000d5880000)
  from space 3072K, 77% used [0x00000000d5b80000,0x00000000d5dd1000,0x00000000d5e80000)
  to   space 3072K, 0% used [0x00000000d5880000,0x00000000d5880000,0x00000000d5b80000)
 ParOldGen       total 580608K, used 580499K [0x0000000080000000, 0x00000000a3700000, 0x00000000d5580000)
  object space 580608K, 99% used [0x0000000080000000,0x00000000a36e4d38,0x00000000a3700000)
 Metaspace       used 99274K, committed 100992K, reserved 1179648K
  class space    used 11672K, committed 12480K, reserved 1048576K
}
Event: 7816.060 GC heap after
{Heap after GC invocations=795 (full 4):
 PSYoungGen      total 4096K, used 1000K [0x00000000d5580000, 0x00000000d5c80000, 0x0000000100000000)
  eden space 3072K, 0% used [0x00000000d5580000,0x00000000d5580000,0x00000000d5880000)
  from space 1024K, 97% used [0x00000000d5880000,0x00000000d597a000,0x00000000d5980000)
  to   space 2048K, 0% used [0x00000000d5a80000,0x00000000d5a80000,0x00000000d5c80000)
 ParOldGen       total 582656K, used 582611K [0x0000000080000000, 0x00000000a3900000, 0x00000000d5580000)
  object space 582656K, 99% used [0x0000000080000000,0x00000000a38f4d38,0x00000000a3900000)
 Metaspace       used 99274K, committed 100992K, reserved 1179648K
  class space    used 11672K, committed 12480K, reserved 1048576K
}
Event: 7816.089 GC heap before
{Heap before GC invocations=796 (full 4):
 PSYoungGen      total 4096K, used 4072K [0x00000000d5580000, 0x00000000d5c80000, 0x0000000100000000)
  eden space 3072K, 100% used [0x00000000d5580000,0x00000000d5880000,0x00000000d5880000)
  from space 1024K, 97% used [0x00000000d5880000,0x00000000d597a000,0x00000000d5980000)
  to   space 2048K, 0% used [0x00000000d5a80000,0x00000000d5a80000,0x00000000d5c80000)
 ParOldGen       total 582656K, used 582611K [0x0000000080000000, 0x00000000a3900000, 0x00000000d5580000)
  object space 582656K, 99% used [0x0000000080000000,0x00000000a38f4d38,0x00000000a3900000)
 Metaspace       used 99280K, committed 100992K, reserved 1179648K
  class space    used 11672K, committed 12480K, reserved 1048576K
}
Event: 7816.090 GC heap after
{Heap after GC invocations=796 (full 4):
 PSYoungGen      total 3584K, used 288K [0x00000000d5580000, 0x00000000d5b00000, 0x0000000100000000)
  eden space 3072K, 0% used [0x00000000d5580000,0x00000000d5580000,0x00000000d5880000)
  from space 512K, 56% used [0x00000000d5a80000,0x00000000d5ac8000,0x00000000d5b00000)
  to   space 1024K, 0% used [0x00000000d5900000,0x00000000d5900000,0x00000000d5a00000)
 ParOldGen       total 583680K, used 583270K [0x0000000080000000, 0x00000000a3a00000, 0x00000000d5580000)
  object space 583680K, 99% used [0x0000000080000000,0x00000000a3999a48,0x00000000a3a00000)
 Metaspace       used 99280K, committed 100992K, reserved 1179648K
  class space    used 11672K, committed 12480K, reserved 1048576K
}
Event: 7816.138 GC heap before
{Heap before GC invocations=797 (full 4):
 PSYoungGen      total 3584K, used 3360K [0x00000000d5580000, 0x00000000d5b00000, 0x0000000100000000)
  eden space 3072K, 100% used [0x00000000d5580000,0x00000000d5880000,0x00000000d5880000)
  from space 512K, 56% used [0x00000000d5a80000,0x00000000d5ac8000,0x00000000d5b00000)
  to   space 1024K, 0% used [0x00000000d5900000,0x00000000d5900000,0x00000000d5a00000)
 ParOldGen       total 583680K, used 583270K [0x0000000080000000, 0x00000000a3a00000, 0x00000000d5580000)
  object space 583680K, 99% used [0x0000000080000000,0x00000000a3999a48,0x00000000a3a00000)
 Metaspace       used 99283K, committed 100992K, reserved 1179648K
  class space    used 11672K, committed 12480K, reserved 1048576K
}
Event: 7816.140 GC heap after
{Heap after GC invocations=797 (full 4):
 PSYoungGen      total 4096K, used 272K [0x00000000d5580000, 0x00000000d5b00000, 0x0000000100000000)
  eden space 3072K, 0% used [0x00000000d5580000,0x00000000d5580000,0x00000000d5880000)
  from space 1024K, 26% used [0x00000000d5900000,0x00000000d5944010,0x00000000d5a00000)
  to   space 512K, 0% used [0x00000000d5a80000,0x00000000d5a80000,0x00000000d5b00000)
 ParOldGen       total 583680K, used 583310K [0x0000000080000000, 0x00000000a3a00000, 0x00000000d5580000)
  object space 583680K, 99% used [0x0000000080000000,0x00000000a39a3a48,0x00000000a3a00000)
 Metaspace       used 99283K, committed 100992K, reserved 1179648K
  class space    used 11672K, committed 12480K, reserved 1048576K
}
Event: 7816.486 GC heap before
{Heap before GC invocations=798 (full 4):
 PSYoungGen      total 4096K, used 3344K [0x00000000d5580000, 0x00000000d5b00000, 0x0000000100000000)
  eden space 3072K, 100% used [0x00000000d5580000,0x00000000d5880000,0x00000000d5880000)
  from space 1024K, 26% used [0x00000000d5900000,0x00000000d5944010,0x00000000d5a00000)
  to   space 512K, 0% used [0x00000000d5a80000,0x00000000d5a80000,0x00000000d5b00000)
 ParOldGen       total 583680K, used 583310K [0x0000000080000000, 0x00000000a3a00000, 0x00000000d5580000)
  object space 583680K, 99% used [0x0000000080000000,0x00000000a39a3a48,0x00000000a3a00000)
 Metaspace       used 99284K, committed 100992K, reserved 1179648K
  class space    used 11672K, committed 12480K, reserved 1048576K
}
Event: 7816.488 GC heap after
{Heap after GC invocations=798 (full 4):
 PSYoungGen      total 3584K, used 224K [0x00000000d5580000, 0x00000000d5b00000, 0x0000000100000000)
  eden space 3072K, 0% used [0x00000000d5580000,0x00000000d5580000,0x00000000d5880000)
  from space 512K, 43% used [0x00000000d5a80000,0x00000000d5ab8000,0x00000000d5b00000)
  to   space 512K, 0% used [0x00000000d5a00000,0x00000000d5a00000,0x00000000d5a80000)
 ParOldGen       total 583680K, used 583310K [0x0000000080000000, 0x00000000a3a00000, 0x00000000d5580000)
  object space 583680K, 99% used [0x0000000080000000,0x00000000a39a3a48,0x00000000a3a00000)
 Metaspace       used 99284K, committed 100992K, reserved 1179648K
  class space    used 11672K, committed 12480K, reserved 1048576K
}
Event: 7954.113 GC heap before
{Heap before GC invocations=799 (full 4):
 PSYoungGen      total 3584K, used 3295K [0x00000000d5580000, 0x00000000d5b00000, 0x0000000100000000)
  eden space 3072K, 99% used [0x00000000d5580000,0x00000000d587fff8,0x00000000d5880000)
  from space 512K, 43% used [0x00000000d5a80000,0x00000000d5ab8000,0x00000000d5b00000)
  to   space 512K, 0% used [0x00000000d5a00000,0x00000000d5a00000,0x00000000d5a80000)
 ParOldGen       total 583680K, used 583310K [0x0000000080000000, 0x00000000a3a00000, 0x00000000d5580000)
  object space 583680K, 99% used [0x0000000080000000,0x00000000a39a3a48,0x00000000a3a00000)
 Metaspace       used 99296K, committed 100992K, reserved 1179648K
  class space    used 11672K, committed 12480K, reserved 1048576K
}
Event: 7954.120 GC heap after
{Heap after GC invocations=799 (full 4):
 PSYoungGen      total 3584K, used 224K [0x00000000d5580000, 0x00000000d5b00000, 0x0000000100000000)
  eden space 3072K, 0% used [0x00000000d5580000,0x00000000d5580000,0x00000000d5880000)
  from space 512K, 43% used [0x00000000d5a00000,0x00000000d5a38000,0x00000000d5a80000)
  to   space 512K, 0% used [0x00000000d5a80000,0x00000000d5a80000,0x00000000d5b00000)
 ParOldGen       total 583680K, used 583310K [0x0000000080000000, 0x00000000a3a00000, 0x00000000d5580000)
  object space 583680K, 99% used [0x0000000080000000,0x00000000a39a3a48,0x00000000a3a00000)
 Metaspace       used 99296K, committed 100992K, reserved 1179648K
  class space    used 11672K, committed 12480K, reserved 1048576K
}
Event: 8349.889 GC heap before
{Heap before GC invocations=800 (full 4):
 PSYoungGen      total 3584K, used 3296K [0x00000000d5580000, 0x00000000d5b00000, 0x0000000100000000)
  eden space 3072K, 100% used [0x00000000d5580000,0x00000000d5880000,0x00000000d5880000)
  from space 512K, 43% used [0x00000000d5a00000,0x00000000d5a38000,0x00000000d5a80000)
  to   space 512K, 0% used [0x00000000d5a80000,0x00000000d5a80000,0x00000000d5b00000)
 ParOldGen       total 583680K, used 583310K [0x0000000080000000, 0x00000000a3a00000, 0x00000000d5580000)
  object space 583680K, 99% used [0x0000000080000000,0x00000000a39a3a48,0x00000000a3a00000)
 Metaspace       used 99313K, committed 100992K, reserved 1179648K
  class space    used 11672K, committed 12480K, reserved 1048576K
}
Event: 8349.892 GC heap after
{Heap after GC invocations=800 (full 4):
 PSYoungGen      total 3584K, used 288K [0x00000000d5580000, 0x00000000d5b00000, 0x0000000100000000)
  eden space 3072K, 0% used [0x00000000d5580000,0x00000000d5580000,0x00000000d5880000)
  from space 512K, 56% used [0x00000000d5a80000,0x00000000d5ac8000,0x00000000d5b00000)
  to   space 512K, 0% used [0x00000000d5a00000,0x00000000d5a00000,0x00000000d5a80000)
 ParOldGen       total 583680K, used 583334K [0x0000000080000000, 0x00000000a3a00000, 0x00000000d5580000)
  object space 583680K, 99% used [0x0000000080000000,0x00000000a39a9a48,0x00000000a3a00000)
 Metaspace       used 99313K, committed 100992K, reserved 1179648K
  class space    used 11672K, committed 12480K, reserved 1048576K
}
Event: 8349.926 GC heap before
{Heap before GC invocations=801 (full 4):
 PSYoungGen      total 3584K, used 3360K [0x00000000d5580000, 0x00000000d5b00000, 0x0000000100000000)
  eden space 3072K, 100% used [0x00000000d5580000,0x00000000d5880000,0x00000000d5880000)
  from space 512K, 56% used [0x00000000d5a80000,0x00000000d5ac8000,0x00000000d5b00000)
  to   space 512K, 0% used [0x00000000d5a00000,0x00000000d5a00000,0x00000000d5a80000)
 ParOldGen       total 583680K, used 583334K [0x0000000080000000, 0x00000000a3a00000, 0x00000000d5580000)
  object space 583680K, 99% used [0x0000000080000000,0x00000000a39a9a48,0x00000000a3a00000)
 Metaspace       used 99313K, committed 100992K, reserved 1179648K
  class space    used 11672K, committed 12480K, reserved 1048576K
}
Event: 8349.929 GC heap after
{Heap after GC invocations=801 (full 4):
 PSYoungGen      total 3584K, used 485K [0x00000000d5580000, 0x00000000d5f80000, 0x0000000100000000)
  eden space 3072K, 0% used [0x00000000d5580000,0x00000000d5580000,0x00000000d5880000)
  from space 512K, 94% used [0x00000000d5a00000,0x00000000d5a795e8,0x00000000d5a80000)
  to   space 3584K, 0% used [0x00000000d5c00000,0x00000000d5c00000,0x00000000d5f80000)
 ParOldGen       total 585728K, used 585580K [0x0000000080000000, 0x00000000a3c00000, 0x00000000d5580000)
  object space 585728K, 99% used [0x0000000080000000,0x00000000a3bdb020,0x00000000a3c00000)
 Metaspace       used 99313K, committed 100992K, reserved 1179648K
  class space    used 11672K, committed 12480K, reserved 1048576K
}
Event: 8349.940 GC heap before
{Heap before GC invocations=802 (full 4):
 PSYoungGen      total 3584K, used 3528K [0x00000000d5580000, 0x00000000d5f80000, 0x0000000100000000)
  eden space 3072K, 99% used [0x00000000d5580000,0x00000000d5878c28,0x00000000d5880000)
  from space 512K, 94% used [0x00000000d5a00000,0x00000000d5a795e8,0x00000000d5a80000)
  to   space 3584K, 0% used [0x00000000d5c00000,0x00000000d5c00000,0x00000000d5f80000)
 ParOldGen       total 585728K, used 585580K [0x0000000080000000, 0x00000000a3c00000, 0x00000000d5580000)
  object space 585728K, 99% used [0x0000000080000000,0x00000000a3bdb020,0x00000000a3c00000)
 Metaspace       used 99313K, committed 100992K, reserved 1179648K
  class space    used 11672K, committed 12480K, reserved 1048576K
}
Event: 8349.944 GC heap after
{Heap after GC invocations=802 (full 4):
 PSYoungGen      total 6656K, used 3021K [0x00000000d5580000, 0x00000000d5f80000, 0x0000000100000000)
  eden space 3072K, 0% used [0x00000000d5580000,0x00000000d5580000,0x00000000d5880000)
  from space 3584K, 84% used [0x00000000d5c00000,0x00000000d5ef3700,0x00000000d5f80000)
  to   space 3584K, 0% used [0x00000000d5880000,0x00000000d5880000,0x00000000d5c00000)
 ParOldGen       total 586240K, used 586113K [0x0000000080000000, 0x00000000a3c80000, 0x00000000d5580000)
  object space 586240K, 99% used [0x0000000080000000,0x00000000a3c60618,0x00000000a3c80000)
 Metaspace       used 99313K, committed 100992K, reserved 1179648K
  class space    used 11672K, committed 12480K, reserved 1048576K
}
Event: 8349.976 GC heap before
{Heap before GC invocations=803 (full 4):
 PSYoungGen      total 6656K, used 6093K [0x00000000d5580000, 0x00000000d5f80000, 0x0000000100000000)
  eden space 3072K, 100% used [0x00000000d5580000,0x00000000d5880000,0x00000000d5880000)
  from space 3584K, 84% used [0x00000000d5c00000,0x00000000d5ef3700,0x00000000d5f80000)
  to   space 3584K, 0% used [0x00000000d5880000,0x00000000d5880000,0x00000000d5c00000)
 ParOldGen       total 586240K, used 586113K [0x0000000080000000, 0x00000000a3c80000, 0x00000000d5580000)
  object space 586240K, 99% used [0x0000000080000000,0x00000000a3c60618,0x00000000a3c80000)
 Metaspace       used 99315K, committed 100992K, reserved 1179648K
  class space    used 11674K, committed 12480K, reserved 1048576K
}
Event: 8349.981 GC heap after
{Heap after GC invocations=803 (full 4):
 PSYoungGen      total 6144K, used 2831K [0x00000000d5580000, 0x00000000d5e80000, 0x0000000100000000)
  eden space 3072K, 0% used [0x00000000d5580000,0x00000000d5580000,0x00000000d5880000)
  from space 3072K, 92% used [0x00000000d5880000,0x00000000d5b43f00,0x00000000d5b80000)
  to   space 3072K, 0% used [0x00000000d5b80000,0x00000000d5b80000,0x00000000d5e80000)
 ParOldGen       total 589312K, used 588857K [0x0000000080000000, 0x00000000a3f80000, 0x00000000d5580000)
  object space 589312K, 99% used [0x0000000080000000,0x00000000a3f0e618,0x00000000a3f80000)
 Metaspace       used 99315K, committed 100992K, reserved 1179648K
  class space    used 11674K, committed 12480K, reserved 1048576K
}
Event: 8382.584 GC heap before
{Heap before GC invocations=804 (full 4):
 PSYoungGen      total 6144K, used 5902K [0x00000000d5580000, 0x00000000d5e80000, 0x0000000100000000)
  eden space 3072K, 99% used [0x00000000d5580000,0x00000000d587fc48,0x00000000d5880000)
  from space 3072K, 92% used [0x00000000d5880000,0x00000000d5b43f00,0x00000000d5b80000)
  to   space 3072K, 0% used [0x00000000d5b80000,0x00000000d5b80000,0x00000000d5e80000)
 ParOldGen       total 589312K, used 588857K [0x0000000080000000, 0x00000000a3f80000, 0x00000000d5580000)
  object space 589312K, 99% used [0x0000000080000000,0x00000000a3f0e618,0x00000000a3f80000)
 Metaspace       used 99315K, committed 100992K, reserved 1179648K
  class space    used 11674K, committed 12480K, reserved 1048576K
}
Event: 8382.589 GC heap after
{Heap after GC invocations=804 (full 4):
 PSYoungGen      total 6144K, used 2568K [0x00000000d5580000, 0x00000000d5e80000, 0x0000000100000000)
  eden space 3072K, 0% used [0x00000000d5580000,0x00000000d5580000,0x00000000d5880000)
  from space 3072K, 83% used [0x00000000d5b80000,0x00000000d5e02000,0x00000000d5e80000)
  to   space 3072K, 0% used [0x00000000d5880000,0x00000000d5880000,0x00000000d5b80000)
 ParOldGen       total 591872K, used 591577K [0x0000000080000000, 0x00000000a4200000, 0x00000000d5580000)
  object space 591872K, 99% used [0x0000000080000000,0x00000000a41b6518,0x00000000a4200000)
 Metaspace       used 99315K, committed 100992K, reserved 1179648K
  class space    used 11674K, committed 12480K, reserved 1048576K
}

