# JRE version: Java(TM) SE Runtime Environment (17.0.12+8) (build 17.0.12+8-LTS-286)
# Java VM: Java HotSpot(TM) 64-Bit Server VM (17.0.12+8-LTS-286, mixed mode, sharing, tiered, compressed oops, compressed class ptrs, g1 gc, windows-amd64)
GC Precious Log:
 CPUs: 8 total, 8 available
 Memory: 16197M
 Large Page Support: Disabled
 NUMA Support: Disabled
 Compressed Oops: Enabled (32-bit)
 Heap Region Size: 1M
 Heap Min Capacity: 8M
 Heap Initial Capacity: 254M
 Heap Max Capacity: 1536M
 Pre-touch: Disabled
 Parallel Workers: 8
 Concurrent Workers: 2
 Concurrent Refinement Workers: 8
 Periodic GC: Disabled
Heap:
 garbage-first heap   total 250880K, used 205533K [0x00000000a0000000, 0x0000000100000000)
  region size 1024K, 30 young (30720K), 4 survivors (4096K)
 Metaspace       used 144931K, committed 146048K, reserved 1179648K
  class space    used 18747K, committed 19264K, reserved 1048576K
GC Heap History (20 events):
Event: 58.695 GC heap before
{Heap before GC invocations=57 (full 0):
 garbage-first heap   total 208896K, used 175160K [0x00000000a0000000, 0x0000000100000000)
  region size 1024K, 26 young (26624K), 4 survivors (4096K)
 Metaspace       used 142366K, committed 143424K, reserved 1179648K
  class space    used 18458K, committed 18944K, reserved 1048576K
}
Event: 58.698 GC heap after
{Heap after GC invocations=58 (full 0):
 garbage-first heap   total 208896K, used 155120K [0x00000000a0000000, 0x0000000100000000)
  region size 1024K, 4 young (4096K), 4 survivors (4096K)
 Metaspace       used 142366K, committed 143424K, reserved 1179648K
  class space    used 18458K, committed 18944K, reserved 1048576K
}
Event: 58.812 GC heap before
{Heap before GC invocations=58 (full 0):
 garbage-first heap   total 208896K, used 175600K [0x00000000a0000000, 0x0000000100000000)
  region size 1024K, 25 young (25600K), 4 survivors (4096K)
 Metaspace       used 142370K, committed 143424K, reserved 1179648K
  class space    used 18458K, committed 18944K, reserved 1048576K
}
Event: 58.814 GC heap after
{Heap after GC invocations=59 (full 0):
 garbage-first heap   total 208896K, used 156244K [0x00000000a0000000, 0x0000000100000000)
  region size 1024K, 4 young (4096K), 4 survivors (4096K)
 Metaspace       used 142370K, committed 143424K, reserved 1179648K
  class space    used 18458K, committed 18944K, reserved 1048576K
}
Event: 58.918 GC heap before
{Heap before GC invocations=59 (full 0):
 garbage-first heap   total 208896K, used 176724K [0x00000000a0000000, 0x0000000100000000)
  region size 1024K, 25 young (25600K), 4 survivors (4096K)
 Metaspace       used 142370K, committed 143424K, reserved 1179648K
  class space    used 18458K, committed 18944K, reserved 1048576K
}
Event: 58.921 GC heap after
{Heap after GC invocations=60 (full 0):
 garbage-first heap   total 208896K, used 157331K [0x00000000a0000000, 0x0000000100000000)
  region size 1024K, 4 young (4096K), 4 survivors (4096K)
 Metaspace       used 142370K, committed 143424K, reserved 1179648K
  class space    used 18458K, committed 18944K, reserved 1048576K
}
Event: 59.025 GC heap before
{Heap before GC invocations=60 (full 0):
 garbage-first heap   total 208896K, used 176787K [0x00000000a0000000, 0x0000000100000000)
  region size 1024K, 24 young (24576K), 4 survivors (4096K)
 Metaspace       used 142373K, committed 143424K, reserved 1179648K
  class space    used 18458K, committed 18944K, reserved 1048576K
}
Event: 59.028 GC heap after
{Heap after GC invocations=61 (full 0):
 garbage-first heap   total 208896K, used 158478K [0x00000000a0000000, 0x0000000100000000)
  region size 1024K, 3 young (3072K), 3 survivors (3072K)
 Metaspace       used 142373K, committed 143424K, reserved 1179648K
  class space    used 18458K, committed 18944K, reserved 1048576K
}
Event: 59.112 GC heap before
{Heap before GC invocations=61 (full 0):
 garbage-first heap   total 208896K, used 176910K [0x00000000a0000000, 0x0000000100000000)
  region size 1024K, 22 young (22528K), 3 survivors (3072K)
 Metaspace       used 142373K, committed 143424K, reserved 1179648K
  class space    used 18458K, committed 18944K, reserved 1048576K
}
Event: 59.115 GC heap after
{Heap after GC invocations=62 (full 0):
 garbage-first heap   total 208896K, used 160253K [0x00000000a0000000, 0x0000000100000000)
  region size 1024K, 3 young (3072K), 3 survivors (3072K)
 Metaspace       used 142373K, committed 143424K, reserved 1179648K
  class space    used 18458K, committed 18944K, reserved 1048576K
}
Event: 59.297 GC heap before
{Heap before GC invocations=62 (full 0):
 garbage-first heap   total 208896K, used 176637K [0x00000000a0000000, 0x0000000100000000)
  region size 1024K, 20 young (20480K), 3 survivors (3072K)
 Metaspace       used 142470K, committed 143488K, reserved 1179648K
  class space    used 18475K, committed 18944K, reserved 1048576K
}
Event: 59.301 GC heap after
{Heap after GC invocations=63 (full 0):
 garbage-first heap   total 250880K, used 161792K [0x00000000a0000000, 0x0000000100000000)
  region size 1024K, 3 young (3072K), 3 survivors (3072K)
 Metaspace       used 142470K, committed 143488K, reserved 1179648K
  class space    used 18475K, committed 18944K, reserved 1048576K
}
Event: 59.788 GC heap before
{Heap before GC invocations=63 (full 0):
 garbage-first heap   total 250880K, used 212992K [0x00000000a0000000, 0x0000000100000000)
  region size 1024K, 49 young (50176K), 3 survivors (3072K)
 Metaspace       used 143535K, committed 144576K, reserved 1179648K
  class space    used 18613K, committed 19072K, reserved 1048576K
}
Event: 59.794 GC heap after
{Heap after GC invocations=64 (full 0):
 garbage-first heap   total 250880K, used 173803K [0x00000000a0000000, 0x0000000100000000)
  region size 1024K, 7 young (7168K), 7 survivors (7168K)
 Metaspace       used 143535K, committed 144576K, reserved 1179648K
  class space    used 18613K, committed 19072K, reserved 1048576K
}
Event: 60.350 GC heap before
{Heap before GC invocations=64 (full 0):
 garbage-first heap   total 250880K, used 207595K [0x00000000a0000000, 0x0000000100000000)
  region size 1024K, 41 young (41984K), 7 survivors (7168K)
 Metaspace       used 143910K, committed 145024K, reserved 1179648K
  class space    used 18639K, committed 19136K, reserved 1048576K
}
Event: 60.355 GC heap after
{Heap after GC invocations=65 (full 0):
 garbage-first heap   total 250880K, used 178089K [0x00000000a0000000, 0x0000000100000000)
  region size 1024K, 6 young (6144K), 6 survivors (6144K)
 Metaspace       used 143910K, committed 145024K, reserved 1179648K
  class space    used 18639K, committed 19136K, reserved 1048576K
}
Event: 60.618 GC heap before
{Heap before GC invocations=65 (full 0):
 garbage-first heap   total 250880K, used 207785K [0x00000000a0000000, 0x0000000100000000)
  region size 1024K, 36 young (36864K), 6 survivors (6144K)
 Metaspace       used 143910K, committed 145024K, reserved 1179648K
  class space    used 18639K, committed 19136K, reserved 1048576K
}
Event: 60.622 GC heap after
{Heap after GC invocations=66 (full 0):
 garbage-first heap   total 250880K, used 179670K [0x00000000a0000000, 0x0000000100000000)
  region size 1024K, 4 young (4096K), 4 survivors (4096K)
 Metaspace       used 143910K, committed 145024K, reserved 1179648K
  class space    used 18639K, committed 19136K, reserved 1048576K
}
Event: 60.859 GC heap before
{Heap before GC invocations=66 (full 0):
 garbage-first heap   total 250880K, used 209366K [0x00000000a0000000, 0x0000000100000000)
  region size 1024K, 34 young (34816K), 4 survivors (4096K)
 Metaspace       used 143911K, committed 145024K, reserved 1179648K
  class space    used 18639K, committed 19136K, reserved 1048576K
}
Event: 60.862 GC heap after
{Heap after GC invocations=67 (full 0):
 garbage-first heap   total 250880K, used 180957K [0x00000000a0000000, 0x0000000100000000)
  region size 1024K, 4 young (4096K), 4 survivors (4096K)
 Metaspace       used 143911K, committed 145024K, reserved 1179648K
  class space    used 18639K, committed 19136K, reserved 1048576K
}

