# JRE version: Java(TM) SE Runtime Environment (17.0.12+8) (build 17.0.12+8-LTS-286)
# Java VM: Java HotSpot(TM) 64-Bit Server VM (17.0.12+8-LTS-286, mixed mode, sharing, tiered, compressed oops, compressed class ptrs, g1 gc, windows-amd64)
GC Precious Log:
 CPUs: 8 total, 8 available
 Memory: 16197M
 Large Page Support: Disabled
 NUMA Support: Disabled
 Compressed Oops: Enabled (Zero based)
 Heap Region Size: 4M
 Heap Min Capacity: 8M
 Heap Initial Capacity: 256M
 Heap Max Capacity: 8G
 Pre-touch: Disabled
 Parallel Workers: 8
 Concurrent Workers: 2
 Concurrent Refinement Workers: 8
 Periodic GC: Disabled
Heap:
 garbage-first heap   total 278528K, used 228366K [0x0000000600000000, 0x0000000800000000)
  region size 4096K, 11 young (45056K), 1 survivors (4096K)
 Metaspace       used 119383K, committed 120704K, reserved 1179648K
  class space    used 16951K, committed 17600K, reserved 1048576K
GC Heap History (20 events):
Event: 50.515 GC heap before
{Heap before GC invocations=58 (full 0):
 garbage-first heap   total 278528K, used 217481K [0x0000000600000000, 0x0000000800000000)
  region size 4096K, 17 young (69632K), 2 survivors (8192K)
 Metaspace       used 92547K, committed 93760K, reserved 1179648K
  class space    used 13221K, committed 13824K, reserved 1048576K
}
Event: 50.520 GC heap after
{Heap after GC invocations=59 (full 0):
 garbage-first heap   total 278528K, used 161524K [0x0000000600000000, 0x0000000800000000)
  region size 4096K, 3 young (12288K), 3 survivors (12288K)
 Metaspace       used 92547K, committed 93760K, reserved 1179648K
  class space    used 13221K, committed 13824K, reserved 1048576K
}
Event: 51.977 GC heap before
{Heap before GC invocations=59 (full 0):
 garbage-first heap   total 278528K, used 218868K [0x0000000600000000, 0x0000000800000000)
  region size 4096K, 17 young (69632K), 3 survivors (12288K)
 Metaspace       used 96128K, committed 97280K, reserved 1179648K
  class space    used 13682K, committed 14272K, reserved 1048576K
}
Event: 51.983 GC heap after
{Heap after GC invocations=60 (full 0):
 garbage-first heap   total 278528K, used 167234K [0x0000000600000000, 0x0000000800000000)
  region size 4096K, 3 young (12288K), 3 survivors (12288K)
 Metaspace       used 96128K, committed 97280K, reserved 1179648K
  class space    used 13682K, committed 14272K, reserved 1048576K
}
Event: 52.873 GC heap before
{Heap before GC invocations=60 (full 0):
 garbage-first heap   total 278528K, used 224578K [0x0000000600000000, 0x0000000800000000)
  region size 4096K, 17 young (69632K), 3 survivors (12288K)
 Metaspace       used 99939K, committed 101184K, reserved 1179648K
  class space    used 14259K, committed 14848K, reserved 1048576K
}
Event: 52.881 GC heap after
{Heap after GC invocations=61 (full 0):
 garbage-first heap   total 278528K, used 170624K [0x0000000600000000, 0x0000000800000000)
  region size 4096K, 3 young (12288K), 3 survivors (12288K)
 Metaspace       used 99939K, committed 101184K, reserved 1179648K
  class space    used 14259K, committed 14848K, reserved 1048576K
}
Event: 53.818 GC heap before
{Heap before GC invocations=61 (full 0):
 garbage-first heap   total 278528K, used 232064K [0x0000000600000000, 0x0000000800000000)
  region size 4096K, 16 young (65536K), 3 survivors (12288K)
 Metaspace       used 101265K, committed 102464K, reserved 1179648K
  class space    used 14371K, committed 14976K, reserved 1048576K
}
Event: 53.824 GC heap after
{Heap after GC invocations=62 (full 0):
 garbage-first heap   total 278528K, used 174863K [0x0000000600000000, 0x0000000800000000)
  region size 4096K, 2 young (8192K), 2 survivors (8192K)
 Metaspace       used 101265K, committed 102464K, reserved 1179648K
  class space    used 14371K, committed 14976K, reserved 1048576K
}
Event: 54.838 GC heap before
{Heap before GC invocations=62 (full 0):
 garbage-first heap   total 278528K, used 228111K [0x0000000600000000, 0x0000000800000000)
  region size 4096K, 15 young (61440K), 2 survivors (8192K)
 Metaspace       used 103519K, committed 104768K, reserved 1179648K
  class space    used 14684K, committed 15296K, reserved 1048576K
}
Event: 54.841 GC heap after
{Heap after GC invocations=63 (full 0):
 garbage-first heap   total 278528K, used 175359K [0x0000000600000000, 0x0000000800000000)
  region size 4096K, 1 young (4096K), 1 survivors (4096K)
 Metaspace       used 103519K, committed 104768K, reserved 1179648K
  class space    used 14684K, committed 15296K, reserved 1048576K
}
Event: 55.710 GC heap before
{Heap before GC invocations=63 (full 0):
 garbage-first heap   total 278528K, used 228607K [0x0000000600000000, 0x0000000800000000)
  region size 4096K, 14 young (57344K), 1 survivors (4096K)
 Metaspace       used 107459K, committed 108736K, reserved 1179648K
  class space    used 15387K, committed 16000K, reserved 1048576K
}
Event: 55.713 GC heap after
{Heap after GC invocations=64 (full 0):
 garbage-first heap   total 278528K, used 176695K [0x0000000600000000, 0x0000000800000000)
  region size 4096K, 2 young (8192K), 2 survivors (8192K)
 Metaspace       used 107459K, committed 108736K, reserved 1179648K
  class space    used 15387K, committed 16000K, reserved 1048576K
}
Event: 56.593 GC heap before
{Heap before GC invocations=64 (full 0):
 garbage-first heap   total 278528K, used 229943K [0x0000000600000000, 0x0000000800000000)
  region size 4096K, 15 young (61440K), 2 survivors (8192K)
 Metaspace       used 110875K, committed 112128K, reserved 1179648K
  class space    used 15823K, committed 16448K, reserved 1048576K
}
Event: 56.599 GC heap after
{Heap after GC invocations=65 (full 0):
 garbage-first heap   total 278528K, used 178203K [0x0000000600000000, 0x0000000800000000)
  region size 4096K, 2 young (8192K), 2 survivors (8192K)
 Metaspace       used 110875K, committed 112128K, reserved 1179648K
  class space    used 15823K, committed 16448K, reserved 1048576K
}
Event: 57.439 GC heap before
{Heap before GC invocations=65 (full 0):
 garbage-first heap   total 278528K, used 231451K [0x0000000600000000, 0x0000000800000000)
  region size 4096K, 15 young (61440K), 2 survivors (8192K)
 Metaspace       used 114416K, committed 115712K, reserved 1179648K
  class space    used 16287K, committed 16896K, reserved 1048576K
}
Event: 57.444 GC heap after
{Heap after GC invocations=66 (full 0):
 garbage-first heap   total 278528K, used 181551K [0x0000000600000000, 0x0000000800000000)
  region size 4096K, 2 young (8192K), 2 survivors (8192K)
 Metaspace       used 114416K, committed 115712K, reserved 1179648K
  class space    used 16287K, committed 16896K, reserved 1048576K
}
Event: 58.741 GC heap before
{Heap before GC invocations=66 (full 0):
 garbage-first heap   total 278528K, used 234799K [0x0000000600000000, 0x0000000800000000)
  region size 4096K, 15 young (61440K), 2 survivors (8192K)
 Metaspace       used 115865K, committed 117184K, reserved 1179648K
  class space    used 16474K, committed 17088K, reserved 1048576K
}
Event: 58.749 GC heap after
{Heap after GC invocations=67 (full 0):
 garbage-first heap   total 278528K, used 188001K [0x0000000600000000, 0x0000000800000000)
  region size 4096K, 2 young (8192K), 2 survivors (8192K)
 Metaspace       used 115865K, committed 117184K, reserved 1179648K
  class space    used 16474K, committed 17088K, reserved 1048576K
}
Event: 59.453 GC heap before
{Heap before GC invocations=67 (full 0):
 garbage-first heap   total 278528K, used 233057K [0x0000000600000000, 0x0000000800000000)
  region size 4096K, 13 young (53248K), 2 survivors (8192K)
 Metaspace       used 117740K, committed 119040K, reserved 1179648K
  class space    used 16728K, committed 17344K, reserved 1048576K
}
Event: 59.460 GC heap after
{Heap after GC invocations=68 (full 0):
 garbage-first heap   total 278528K, used 191502K [0x0000000600000000, 0x0000000800000000)
  region size 4096K, 1 young (4096K), 1 survivors (4096K)
 Metaspace       used 117740K, committed 119040K, reserved 1179648K
  class space    used 16728K, committed 17344K, reserved 1048576K
}

