# JRE version: Java(TM) SE Runtime Environment (17.0.12+8) (build 17.0.12+8-LTS-286)
# Java VM: Java HotSpot(TM) 64-Bit Server VM (17.0.12+8-LTS-286, mixed mode, sharing, tiered, compressed oops, compressed class ptrs, g1 gc, windows-amd64)
GC Precious Log:
 CPUs: 8 total, 8 available
 Memory: 16197M
 Large Page Support: Disabled
 NUMA Support: Disabled
 Compressed Oops: Enabled (32-bit)
 Heap Region Size: 1M
 Heap Min Capacity: 8M
 Heap Initial Capacity: 254M
 Heap Max Capacity: 1536M
 Pre-touch: Disabled
 Parallel Workers: 8
 Concurrent Workers: 2
 Concurrent Refinement Workers: 8
 Periodic GC: Disabled
Heap:
 garbage-first heap   total 99328K, used 57400K [0x00000000a0000000, 0x0000000100000000)
  region size 1024K, 1 young (1024K), 1 survivors (1024K)
 Metaspace       used 59619K, committed 60224K, reserved 1114112K
  class space    used 8434K, committed 8704K, reserved 1048576K
GC Heap History (20 events):
Event: 11.101 GC heap after
{Heap after GC invocations=15 (full 0):
 garbage-first heap   total 89088K, used 46108K [0x00000000a0000000, 0x0000000100000000)
  region size 1024K, 5 young (5120K), 5 survivors (5120K)
 Metaspace       used 47752K, committed 48320K, reserved 1114112K
  class space    used 6730K, committed 7040K, reserved 1048576K
}
Event: 11.292 GC heap before
{Heap before GC invocations=15 (full 0):
 garbage-first heap   total 89088K, used 68636K [0x00000000a0000000, 0x0000000100000000)
  region size 1024K, 28 young (28672K), 5 survivors (5120K)
 Metaspace       used 48311K, committed 48896K, reserved 1114112K
  class space    used 6791K, committed 7104K, reserved 1048576K
}
Event: 11.296 GC heap after
{Heap after GC invocations=16 (full 0):
 garbage-first heap   total 89088K, used 49477K [0x00000000a0000000, 0x0000000100000000)
  region size 1024K, 4 young (4096K), 4 survivors (4096K)
 Metaspace       used 48311K, committed 48896K, reserved 1114112K
  class space    used 6791K, committed 7104K, reserved 1048576K
}
Event: 11.737 GC heap before
{Heap before GC invocations=17 (full 0):
 garbage-first heap   total 89088K, used 68933K [0x00000000a0000000, 0x0000000100000000)
  region size 1024K, 23 young (23552K), 4 survivors (4096K)
 Metaspace       used 50142K, committed 50688K, reserved 1114112K
  class space    used 7115K, committed 7360K, reserved 1048576K
}
Event: 11.740 GC heap after
{Heap after GC invocations=18 (full 0):
 garbage-first heap   total 89088K, used 51022K [0x00000000a0000000, 0x0000000100000000)
  region size 1024K, 2 young (2048K), 2 survivors (2048K)
 Metaspace       used 50142K, committed 50688K, reserved 1114112K
  class space    used 7115K, committed 7360K, reserved 1048576K
}
Event: 11.772 GC heap before
{Heap before GC invocations=18 (full 0):
 garbage-first heap   total 89088K, used 53070K [0x00000000a0000000, 0x0000000100000000)
  region size 1024K, 4 young (4096K), 2 survivors (2048K)
 Metaspace       used 50304K, committed 50880K, reserved 1114112K
  class space    used 7146K, committed 7424K, reserved 1048576K
}
Event: 11.774 GC heap after
{Heap after GC invocations=19 (full 0):
 garbage-first heap   total 89088K, used 50918K [0x00000000a0000000, 0x0000000100000000)
  region size 1024K, 1 young (1024K), 1 survivors (1024K)
 Metaspace       used 50304K, committed 50880K, reserved 1114112K
  class space    used 7146K, committed 7424K, reserved 1048576K
}
Event: 11.950 GC heap before
{Heap before GC invocations=19 (full 0):
 garbage-first heap   total 89088K, used 58086K [0x00000000a0000000, 0x0000000100000000)
  region size 1024K, 10 young (10240K), 1 survivors (1024K)
 Metaspace       used 51053K, committed 51648K, reserved 1114112K
  class space    used 7259K, committed 7552K, reserved 1048576K
}
Event: 11.952 GC heap after
{Heap after GC invocations=20 (full 0):
 garbage-first heap   total 89088K, used 51518K [0x00000000a0000000, 0x0000000100000000)
  region size 1024K, 1 young (1024K), 1 survivors (1024K)
 Metaspace       used 51053K, committed 51648K, reserved 1114112K
  class space    used 7259K, committed 7552K, reserved 1048576K
}
Event: 12.189 GC heap before
{Heap before GC invocations=21 (full 0):
 garbage-first heap   total 97280K, used 75070K [0x00000000a0000000, 0x0000000100000000)
  region size 1024K, 21 young (21504K), 1 survivors (1024K)
 Metaspace       used 52944K, committed 53504K, reserved 1114112K
  class space    used 7518K, committed 7808K, reserved 1048576K
}
Event: 12.191 GC heap after
{Heap after GC invocations=22 (full 0):
 garbage-first heap   total 97280K, used 56937K [0x00000000a0000000, 0x0000000100000000)
  region size 1024K, 3 young (3072K), 3 survivors (3072K)
 Metaspace       used 52944K, committed 53504K, reserved 1114112K
  class space    used 7518K, committed 7808K, reserved 1048576K
}
Event: 12.201 GC heap before
{Heap before GC invocations=22 (full 0):
 garbage-first heap   total 97280K, used 57961K [0x00000000a0000000, 0x0000000100000000)
  region size 1024K, 4 young (4096K), 3 survivors (3072K)
 Metaspace       used 53037K, committed 53568K, reserved 1114112K
  class space    used 7534K, committed 7808K, reserved 1048576K
}
Event: 12.203 GC heap after
{Heap after GC invocations=23 (full 0):
 garbage-first heap   total 97280K, used 55733K [0x00000000a0000000, 0x0000000100000000)
  region size 1024K, 1 young (1024K), 1 survivors (1024K)
 Metaspace       used 53037K, committed 53568K, reserved 1114112K
  class space    used 7534K, committed 7808K, reserved 1048576K
}
Event: 12.518 GC heap before
{Heap before GC invocations=23 (full 0):
 garbage-first heap   total 97280K, used 77237K [0x00000000a0000000, 0x0000000100000000)
  region size 1024K, 22 young (22528K), 1 survivors (1024K)
 Metaspace       used 55155K, committed 55808K, reserved 1114112K
  class space    used 7805K, committed 8128K, reserved 1048576K
}
Event: 12.520 GC heap after
{Heap after GC invocations=24 (full 0):
 garbage-first heap   total 97280K, used 56222K [0x00000000a0000000, 0x0000000100000000)
  region size 1024K, 1 young (1024K), 1 survivors (1024K)
 Metaspace       used 55155K, committed 55808K, reserved 1114112K
  class space    used 7805K, committed 8128K, reserved 1048576K
}
Event: 12.948 GC heap before
{Heap before GC invocations=25 (full 0):
 garbage-first heap   total 99328K, used 78750K [0x00000000a0000000, 0x0000000100000000)
  region size 1024K, 23 young (23552K), 1 survivors (1024K)
 Metaspace       used 57941K, committed 58624K, reserved 1114112K
  class space    used 8192K, committed 8512K, reserved 1048576K
}
Event: 12.950 GC heap after
{Heap after GC invocations=26 (full 0):
 garbage-first heap   total 99328K, used 57298K [0x00000000a0000000, 0x0000000100000000)
  region size 1024K, 2 young (2048K), 2 survivors (2048K)
 Metaspace       used 57941K, committed 58624K, reserved 1114112K
  class space    used 8192K, committed 8512K, reserved 1048576K
}
Event: 12.985 GC heap before
{Heap before GC invocations=26 (full 0):
 garbage-first heap   total 99328K, used 59346K [0x00000000a0000000, 0x0000000100000000)
  region size 1024K, 4 young (4096K), 2 survivors (2048K)
 Metaspace       used 58078K, committed 58752K, reserved 1114112K
  class space    used 8208K, committed 8512K, reserved 1048576K
}
Event: 12.987 GC heap after
{Heap after GC invocations=27 (full 0):
 garbage-first heap   total 99328K, used 56903K [0x00000000a0000000, 0x0000000100000000)
  region size 1024K, 1 young (1024K), 1 survivors (1024K)
 Metaspace       used 58078K, committed 58752K, reserved 1114112K
  class space    used 8208K, committed 8512K, reserved 1048576K
}
Event: 13.300 GC heap before
{Heap before GC invocations=27 (full 0):
 garbage-first heap   total 99328K, used 80455K [0x00000000a0000000, 0x0000000100000000)
  region size 1024K, 24 young (24576K), 1 survivors (1024K)
 Metaspace       used 59619K, committed 60224K, reserved 1114112K
  class space    used 8434K, committed 8704K, reserved 1048576K
}

