# JRE version: Java(TM) SE Runtime Environment (17.0.12+8) (build 17.0.12+8-LTS-286)
# Java VM: Java HotSpot(TM) 64-Bit Server VM (17.0.12+8-LTS-286, mixed mode, sharing, tiered, compressed oops, compressed class ptrs, g1 gc, windows-amd64)
GC Precious Log:
 CPUs: 8 total, 8 available
 Memory: 16197M
 Large Page Support: Disabled
 NUMA Support: Disabled
 Compressed Oops: Enabled (32-bit)
 Heap Region Size: 1M
 Heap Min Capacity: 8M
 Heap Initial Capacity: 254M
 Heap Max Capacity: 1536M
 Pre-touch: Disabled
 Parallel Workers: 8
 Concurrent Workers: 2
 Concurrent Refinement Workers: 8
 Periodic GC: Disabled
Heap:
 garbage-first heap   total 284672K, used 170443K [0x00000000a0000000, 0x0000000100000000)
  region size 1024K, 6 young (6144K), 4 survivors (4096K)
 Metaspace       used 79074K, committed 80192K, reserved 1179648K
  class space    used 10923K, committed 11456K, reserved 1048576K
GC Heap History (20 events):
Event: 9.314 GC heap before
{Heap before GC invocations=28 (full 0):
 garbage-first heap   total 126976K, used 97162K [0x00000000a0000000, 0x0000000100000000)
  region size 1024K, 33 young (33792K), 3 survivors (3072K)
 Metaspace       used 58854K, committed 59392K, reserved 1114112K
  class space    used 7846K, committed 8128K, reserved 1048576K
}
Event: 9.319 GC heap after
{Heap after GC invocations=29 (full 0):
 garbage-first heap   total 126976K, used 70805K [0x00000000a0000000, 0x0000000100000000)
  region size 1024K, 5 young (5120K), 5 survivors (5120K)
 Metaspace       used 58854K, committed 59392K, reserved 1114112K
  class space    used 7846K, committed 8128K, reserved 1048576K
}
Event: 9.633 GC heap before
{Heap before GC invocations=30 (full 0):
 garbage-first heap   total 126976K, used 102549K [0x00000000a0000000, 0x0000000100000000)
  region size 1024K, 34 young (34816K), 5 survivors (5120K)
 Metaspace       used 59308K, committed 59904K, reserved 1114112K
  class space    used 7920K, committed 8192K, reserved 1048576K
}
Event: 9.640 GC heap after
{Heap after GC invocations=31 (full 0):
 garbage-first heap   total 126976K, used 79520K [0x00000000a0000000, 0x0000000100000000)
  region size 1024K, 5 young (5120K), 5 survivors (5120K)
 Metaspace       used 59308K, committed 59904K, reserved 1114112K
  class space    used 7920K, committed 8192K, reserved 1048576K
}
Event: 9.642 GC heap before
{Heap before GC invocations=31 (full 0):
 garbage-first heap   total 126976K, used 80544K [0x00000000a0000000, 0x0000000100000000)
  region size 1024K, 6 young (6144K), 5 survivors (5120K)
 Metaspace       used 59308K, committed 59904K, reserved 1114112K
  class space    used 7920K, committed 8192K, reserved 1048576K
}
Event: 9.645 GC heap after
{Heap after GC invocations=32 (full 0):
 garbage-first heap   total 126976K, used 80431K [0x00000000a0000000, 0x0000000100000000)
  region size 1024K, 1 young (1024K), 1 survivors (1024K)
 Metaspace       used 59308K, committed 59904K, reserved 1114112K
  class space    used 7920K, committed 8192K, reserved 1048576K
}
Event: 9.822 GC heap before
{Heap before GC invocations=32 (full 0):
 garbage-first heap   total 126976K, used 101935K [0x00000000a0000000, 0x0000000100000000)
  region size 1024K, 22 young (22528K), 1 survivors (1024K)
 Metaspace       used 59934K, committed 60544K, reserved 1114112K
  class space    used 8019K, committed 8320K, reserved 1048576K
}
Event: 9.825 GC heap after
{Heap after GC invocations=33 (full 0):
 garbage-first heap   total 284672K, used 80809K [0x00000000a0000000, 0x0000000100000000)
  region size 1024K, 1 young (1024K), 1 survivors (1024K)
 Metaspace       used 59934K, committed 60544K, reserved 1114112K
  class space    used 8019K, committed 8320K, reserved 1048576K
}
Event: 11.399 GC heap before
{Heap before GC invocations=34 (full 0):
 garbage-first heap   total 283648K, used 212905K [0x00000000a0000000, 0x0000000100000000)
  region size 1024K, 130 young (133120K), 1 survivors (1024K)
 Metaspace       used 67968K, committed 68736K, reserved 1114112K
  class space    used 9367K, committed 9728K, reserved 1048576K
}
Event: 11.405 GC heap after
{Heap after GC invocations=35 (full 0):
 garbage-first heap   total 283648K, used 90362K [0x00000000a0000000, 0x0000000100000000)
  region size 1024K, 10 young (10240K), 10 survivors (10240K)
 Metaspace       used 67968K, committed 68736K, reserved 1114112K
  class space    used 9367K, committed 9728K, reserved 1048576K
}
Event: 11.439 GC heap before
{Heap before GC invocations=35 (full 0):
 garbage-first heap   total 283648K, used 93434K [0x00000000a0000000, 0x0000000100000000)
  region size 1024K, 13 young (13312K), 10 survivors (10240K)
 Metaspace       used 68310K, committed 68992K, reserved 1114112K
  class space    used 9414K, committed 9728K, reserved 1048576K
}
Event: 11.444 GC heap after
{Heap after GC invocations=36 (full 0):
 garbage-first heap   total 283648K, used 91317K [0x00000000a0000000, 0x0000000100000000)
  region size 1024K, 2 young (2048K), 2 survivors (2048K)
 Metaspace       used 68310K, committed 68992K, reserved 1114112K
  class space    used 9414K, committed 9728K, reserved 1048576K
}
Event: 12.985 GC heap before
{Heap before GC invocations=36 (full 0):
 garbage-first heap   total 283648K, used 217269K [0x00000000a0000000, 0x0000000100000000)
  region size 1024K, 125 young (128000K), 2 survivors (2048K)
 Metaspace       used 74667K, committed 75648K, reserved 1179648K
  class space    used 10360K, committed 10816K, reserved 1048576K
}
Event: 12.993 GC heap after
{Heap after GC invocations=37 (full 0):
 garbage-first heap   total 283648K, used 100100K [0x00000000a0000000, 0x0000000100000000)
  region size 1024K, 10 young (10240K), 10 survivors (10240K)
 Metaspace       used 74667K, committed 75648K, reserved 1179648K
  class space    used 10360K, committed 10816K, reserved 1048576K
}
Event: 15.235 GC heap before
{Heap before GC invocations=37 (full 0):
 garbage-first heap   total 283648K, used 228100K [0x00000000a0000000, 0x0000000100000000)
  region size 1024K, 128 young (131072K), 10 survivors (10240K)
 Metaspace       used 78170K, committed 79168K, reserved 1179648K
  class space    used 10798K, committed 11264K, reserved 1048576K
}
Event: 15.250 GC heap after
{Heap after GC invocations=38 (full 0):
 garbage-first heap   total 283648K, used 129117K [0x00000000a0000000, 0x0000000100000000)
  region size 1024K, 16 young (16384K), 16 survivors (16384K)
 Metaspace       used 78170K, committed 79168K, reserved 1179648K
  class space    used 10798K, committed 11264K, reserved 1048576K
}
Event: 17.548 GC heap before
{Heap before GC invocations=38 (full 0):
 garbage-first heap   total 283648K, used 232541K [0x00000000a0000000, 0x0000000100000000)
  region size 1024K, 105 young (107520K), 16 survivors (16384K)
 Metaspace       used 79038K, committed 80192K, reserved 1179648K
  class space    used 10916K, committed 11456K, reserved 1048576K
}
Event: 17.565 GC heap after
{Heap after GC invocations=39 (full 0):
 garbage-first heap   total 283648K, used 161649K [0x00000000a0000000, 0x0000000100000000)
  region size 1024K, 14 young (14336K), 14 survivors (14336K)
 Metaspace       used 79038K, committed 80192K, reserved 1179648K
  class space    used 10916K, committed 11456K, reserved 1048576K
}
Event: 17.676 GC heap before
{Heap before GC invocations=39 (full 0):
 garbage-first heap   total 283648K, used 164721K [0x00000000a0000000, 0x0000000100000000)
  region size 1024K, 18 young (18432K), 14 survivors (14336K)
 Metaspace       used 79072K, committed 80192K, reserved 1179648K
  class space    used 10923K, committed 11456K, reserved 1048576K
}
Event: 17.682 GC heap after
{Heap after GC invocations=40 (full 0):
 garbage-first heap   total 283648K, used 167371K [0x00000000a0000000, 0x0000000100000000)
  region size 1024K, 4 young (4096K), 4 survivors (4096K)
 Metaspace       used 79072K, committed 80192K, reserved 1179648K
  class space    used 10923K, committed 11456K, reserved 1048576K
}

