# JRE version: Java(TM) SE Runtime Environment (17.0.12+8) (build 17.0.12+8-LTS-286)
# Java VM: Java HotSpot(TM) 64-Bit Server VM (17.0.12+8-LTS-286, mixed mode, sharing, tiered, compressed oops, compressed class ptrs, g1 gc, windows-amd64)
GC Precious Log:
 CPUs: 8 total, 8 available
 Memory: 16197M
 Large Page Support: Disabled
 NUMA Support: Disabled
 Compressed Oops: Enabled (32-bit)
 Heap Region Size: 1M
 Heap Min Capacity: 8M
 Heap Initial Capacity: 254M
 Heap Max Capacity: 1536M
 Pre-touch: Disabled
 Parallel Workers: 8
 Concurrent Workers: 2
 Concurrent Refinement Workers: 8
 Periodic GC: Disabled
Heap:
 garbage-first heap   total 260096K, used 85579K [0x00000000a0000000, 0x0000000100000000)
  region size 1024K, 4 young (4096K), 4 survivors (4096K)
 Metaspace       used 61336K, committed 62080K, reserved 1114112K
  class space    used 8278K, committed 8640K, reserved 1048576K
GC Heap History (20 events):
Event: 6.541 GC heap after
{Heap after GC invocations=22 (full 0):
 garbage-first heap   total 140288K, used 61905K [0x00000000a0000000, 0x0000000100000000)
  region size 1024K, 2 young (2048K), 2 survivors (2048K)
 Metaspace       used 47515K, committed 48064K, reserved 1114112K
  class space    used 6435K, committed 6720K, reserved 1048576K
}
Event: 6.582 GC heap before
{Heap before GC invocations=22 (full 0):
 garbage-first heap   total 140288K, used 66001K [0x00000000a0000000, 0x0000000100000000)
  region size 1024K, 6 young (6144K), 2 survivors (2048K)
 Metaspace       used 47825K, committed 48320K, reserved 1114112K
  class space    used 6476K, committed 6720K, reserved 1048576K
}
Event: 6.585 GC heap after
{Heap after GC invocations=23 (full 0):
 garbage-first heap   total 140288K, used 61735K [0x00000000a0000000, 0x0000000100000000)
  region size 1024K, 1 young (1024K), 1 survivors (1024K)
 Metaspace       used 47825K, committed 48320K, reserved 1114112K
  class space    used 6476K, committed 6720K, reserved 1048576K
}
Event: 7.332 GC heap before
{Heap before GC invocations=23 (full 0):
 garbage-first heap   total 140288K, used 94503K [0x00000000a0000000, 0x0000000100000000)
  region size 1024K, 34 young (34816K), 1 survivors (1024K)
 Metaspace       used 52529K, committed 53120K, reserved 1114112K
  class space    used 7089K, committed 7360K, reserved 1048576K
}
Event: 7.336 GC heap after
{Heap after GC invocations=24 (full 0):
 garbage-first heap   total 140288K, used 64974K [0x00000000a0000000, 0x0000000100000000)
  region size 1024K, 4 young (4096K), 4 survivors (4096K)
 Metaspace       used 52529K, committed 53120K, reserved 1114112K
  class space    used 7089K, committed 7360K, reserved 1048576K
}
Event: 7.791 GC heap before
{Heap before GC invocations=24 (full 0):
 garbage-first heap   total 140288K, used 99790K [0x00000000a0000000, 0x0000000100000000)
  region size 1024K, 38 young (38912K), 4 survivors (4096K)
 Metaspace       used 55465K, committed 56064K, reserved 1114112K
  class space    used 7451K, committed 7744K, reserved 1048576K
}
Event: 7.794 GC heap after
{Heap after GC invocations=25 (full 0):
 garbage-first heap   total 140288K, used 67076K [0x00000000a0000000, 0x0000000100000000)
  region size 1024K, 3 young (3072K), 3 survivors (3072K)
 Metaspace       used 55465K, committed 56064K, reserved 1114112K
  class space    used 7451K, committed 7744K, reserved 1048576K
}
Event: 8.201 GC heap before
{Heap before GC invocations=25 (full 0):
 garbage-first heap   total 140288K, used 102916K [0x00000000a0000000, 0x0000000100000000)
  region size 1024K, 38 young (38912K), 3 survivors (3072K)
 Metaspace       used 58601K, committed 59136K, reserved 1114112K
  class space    used 7839K, committed 8128K, reserved 1048576K
}
Event: 8.205 GC heap after
{Heap after GC invocations=26 (full 0):
 garbage-first heap   total 140288K, used 69199K [0x00000000a0000000, 0x0000000100000000)
  region size 1024K, 5 young (5120K), 5 survivors (5120K)
 Metaspace       used 58601K, committed 59136K, reserved 1114112K
  class space    used 7839K, committed 8128K, reserved 1048576K
}
Event: 8.559 GC heap before
{Heap before GC invocations=27 (full 0):
 garbage-first heap   total 140288K, used 108111K [0x00000000a0000000, 0x0000000100000000)
  region size 1024K, 41 young (41984K), 5 survivors (5120K)
 Metaspace       used 59058K, committed 59584K, reserved 1114112K
  class space    used 7883K, committed 8128K, reserved 1048576K
}
Event: 8.564 GC heap after
{Heap after GC invocations=28 (full 0):
 garbage-first heap   total 140288K, used 78534K [0x00000000a0000000, 0x0000000100000000)
  region size 1024K, 6 young (6144K), 6 survivors (6144K)
 Metaspace       used 59058K, committed 59584K, reserved 1114112K
  class space    used 7883K, committed 8128K, reserved 1048576K
}
Event: 8.570 GC heap before
{Heap before GC invocations=28 (full 0):
 garbage-first heap   total 140288K, used 79558K [0x00000000a0000000, 0x0000000100000000)
  region size 1024K, 7 young (7168K), 6 survivors (6144K)
 Metaspace       used 59059K, committed 59584K, reserved 1114112K
  class space    used 7883K, committed 8128K, reserved 1048576K
}
Event: 8.573 GC heap after
{Heap after GC invocations=29 (full 0):
 garbage-first heap   total 140288K, used 78671K [0x00000000a0000000, 0x0000000100000000)
  region size 1024K, 1 young (1024K), 1 survivors (1024K)
 Metaspace       used 59059K, committed 59584K, reserved 1114112K
  class space    used 7883K, committed 8128K, reserved 1048576K
}
Event: 8.795 GC heap before
{Heap before GC invocations=29 (full 0):
 garbage-first heap   total 140288K, used 108367K [0x00000000a0000000, 0x0000000100000000)
  region size 1024K, 30 young (30720K), 1 survivors (1024K)
 Metaspace       used 59905K, committed 60544K, reserved 1114112K
  class space    used 8018K, committed 8320K, reserved 1048576K
}
Event: 8.797 GC heap after
{Heap after GC invocations=30 (full 0):
 garbage-first heap   total 140288K, used 79714K [0x00000000a0000000, 0x0000000100000000)
  region size 1024K, 2 young (2048K), 2 survivors (2048K)
 Metaspace       used 59905K, committed 60544K, reserved 1114112K
  class space    used 8018K, committed 8320K, reserved 1048576K
}
Event: 9.092 GC heap before
{Heap before GC invocations=31 (full 0):
 garbage-first heap   total 140288K, used 110434K [0x00000000a0000000, 0x0000000100000000)
  region size 1024K, 32 young (32768K), 2 survivors (2048K)
 Metaspace       used 60594K, committed 61312K, reserved 1114112K
  class space    used 8155K, committed 8448K, reserved 1048576K
}
Event: 9.095 GC heap after
{Heap after GC invocations=32 (full 0):
 garbage-first heap   total 140288K, used 81401K [0x00000000a0000000, 0x0000000100000000)
  region size 1024K, 4 young (4096K), 4 survivors (4096K)
 Metaspace       used 60594K, committed 61312K, reserved 1114112K
  class space    used 8155K, committed 8448K, reserved 1048576K
}
Event: 9.104 GC heap before
{Heap before GC invocations=32 (full 0):
 garbage-first heap   total 140288K, used 83449K [0x00000000a0000000, 0x0000000100000000)
  region size 1024K, 6 young (6144K), 4 survivors (4096K)
 Metaspace       used 60594K, committed 61312K, reserved 1114112K
  class space    used 8155K, committed 8448K, reserved 1048576K
}
Event: 9.107 GC heap after
{Heap after GC invocations=33 (full 0):
 garbage-first heap   total 140288K, used 81595K [0x00000000a0000000, 0x0000000100000000)
  region size 1024K, 1 young (1024K), 1 survivors (1024K)
 Metaspace       used 60594K, committed 61312K, reserved 1114112K
  class space    used 8155K, committed 8448K, reserved 1048576K
}
Event: 9.476 GC heap before
{Heap before GC invocations=33 (full 0):
 garbage-first heap   total 140288K, used 113339K [0x00000000a0000000, 0x0000000100000000)
  region size 1024K, 32 young (32768K), 1 survivors (1024K)
 Metaspace       used 61336K, committed 62080K, reserved 1114112K
  class space    used 8278K, committed 8640K, reserved 1048576K
}

